#
# There is insufficient memory for the Java Runtime Environment to continue.
# Native memory allocation (malloc) failed to allocate 1061536 bytes for Chunk::new
# Possible reasons:
#   The system is out of physical RAM or swap space
#   In 32 bit mode, the process size limit was hit
# Possible solutions:
#   Reduce memory load on the system
#   Increase physical memory or swap space
#   Check if swap backing store is full
#   Use 64 bit Java on a 64 bit OS
#   Decrease Java heap size (-Xmx/-Xms)
#   Decrease number of Java threads
#   Decrease Java thread stack sizes (-Xss)
#   Set larger code cache with -XX:ReservedCodeCacheSize=
# This output file may be truncated or incomplete.
#
#  Out of Memory Error (allocation.cpp:390), pid=7156, tid=0x0000000000000960
#
# JRE version: OpenJDK Runtime Environment (8.0_152-b01) (build 1.8.0_152-release-1343-b01)
# Java VM: OpenJDK 64-Bit Server VM (25.152-b01 mixed mode windows-amd64 compressed oops)
# Failed to write core dump. Minidumps are not enabled by default on client versions of Windows
#

---------------  T H R E A D  ---------------

Current thread (0x0000000016c49800):  JavaThread "C2 CompilerThread0" daemon [_thread_in_native, id=2400, stack(0x0000000018290000,0x0000000018390000)]

Stack: [0x0000000018290000,0x0000000018390000]
[error occurred during error reporting (printing stack bounds), id 0xc0000005]

Native frames: (J=compiled Java code, j=interpreted, Vv=VM code, C=native code)


Current CompileTask:
C2:2899185 13563   !   4       org.gradle.api.internal.AbstractClassGenerator::generateUnderLock (1144 bytes)


---------------  P R O C E S S  ---------------

Java Threads: ( => current thread )
  0x000000001ed56800 JavaThread "Cache worker for Build Output Cleanup Cache (D:\pd\.gradle\buildOutputCleanup)" [_thread_blocked, id=2232, stack(0x00000000310b0000,0x00000000311b0000)]
  0x000000001ed54800 JavaThread "Build operations Thread 4" [_thread_blocked, id=2944, stack(0x0000000030fb0000,0x00000000310b0000)]
  0x000000001ed56000 JavaThread "Build operations Thread 3" [_thread_blocked, id=9348, stack(0x0000000030eb0000,0x0000000030fb0000)]
  0x000000001ed55000 JavaThread "Build operations Thread 2" [_thread_blocked, id=9392, stack(0x0000000030db0000,0x0000000030eb0000)]
  0x000000001ed4d000 JavaThread "Build operations" [_thread_blocked, id=9012, stack(0x0000000030cb0000,0x0000000030db0000)]
  0x000000001ed4b800 JavaThread "Cache worker for cache directory md-rule (C:\Users\Admin\.gradle\caches\5.1.1\md-rule)" [_thread_blocked, id=9436, stack(0x0000000030bb0000,0x0000000030cb0000)]
  0x000000001ed52000 JavaThread "Cache worker for cache directory md-supplier (C:\Users\Admin\.gradle\caches\5.1.1\md-supplier)" [_thread_blocked, id=3940, stack(0x0000000030ab0000,0x0000000030bb0000)]
  0x000000001ed51800 JavaThread "Cache worker for file hash cache (D:\pd\.gradle\5.1.1\fileHashes)" [_thread_blocked, id=7276, stack(0x00000000309b0000,0x0000000030ab0000)]
  0x000000001ed4e800 JavaThread "Thread-187" [_thread_blocked, id=8636, stack(0x00000000308b0000,0x00000000309b0000)]
  0x000000001ed4d800 JavaThread "Stdin handler" [_thread_blocked, id=6364, stack(0x00000000307b0000,0x00000000308b0000)]
  0x000000001ed4f000 JavaThread "Asynchronous log dispatcher for DefaultDaemonConnection: socket connection from /127.0.0.1:61964 to /127.0.0.1:62221" [_thread_blocked, id=1096, stack(0x00000000306b0000,0x00000000307b0000)]
  0x000000001ed53000 JavaThread "Daemon worker Thread 8" [_thread_in_vm, id=5932, stack(0x00000000305b0000,0x00000000306b0000)]
  0x000000001ed4a800 JavaThread "Cancel handler" [_thread_blocked, id=10152, stack(0x00000000303b0000,0x00000000304b0000)]
  0x000000001ed50800 JavaThread "Handler for socket connection from /127.0.0.1:61964 to /127.0.0.1:62221" [_thread_in_native, id=7604, stack(0x00000000301b0000,0x00000000302b0000)]
  0x000000001ed4c000 JavaThread "Daemon Thread 9" [_thread_blocked, id=1760, stack(0x00000000300b0000,0x00000000301b0000)]
  0x000000001ed50000 JavaThread "Daemon Thread 8" [_thread_blocked, id=4928, stack(0x000000002ffb0000,0x00000000300b0000)]
  0x000000001d380800 JavaThread "Cache worker for file content cache (C:\Users\Admin\.gradle\caches\5.1.1\fileContent)" [_thread_blocked, id=9388, stack(0x0000000023e30000,0x0000000023f30000)]
  0x000000001d387000 JavaThread "Memory manager" [_thread_blocked, id=6720, stack(0x0000000023b30000,0x0000000023c30000)]
  0x000000001d385000 JavaThread "Cache worker for execution history cache (C:\Users\Admin\.gradle\caches\5.1.1\executionHistory)" [_thread_blocked, id=6556, stack(0x0000000020c80000,0x0000000020d80000)]
  0x0000000019e8e000 JavaThread "Cache worker for journal cache (C:\Users\Admin\.gradle\caches\journal-1)" [_thread_blocked, id=9580, stack(0x000000001b9a0000,0x000000001baa0000)]
  0x0000000019e8a000 JavaThread "File lock request listener" [_thread_in_native, id=8620, stack(0x000000001b8a0000,0x000000001b9a0000)]
  0x0000000019e10800 JavaThread "Cache worker for file hash cache (C:\Users\Admin\.gradle\caches\5.1.1\fileHashes)" [_thread_blocked, id=9340, stack(0x000000001b7a0000,0x000000001b8a0000)]
  0x0000000019b95800 JavaThread "Daemon periodic checks" [_thread_blocked, id=3276, stack(0x000000001ada0000,0x000000001aea0000)]
  0x0000000019b80800 JavaThread "Incoming local TCP Connector on port 61964" [_thread_in_native, id=6124, stack(0x000000001a8a0000,0x000000001a9a0000)]
  0x00000000185b0800 JavaThread "Service Thread" daemon [_thread_blocked, id=6416, stack(0x0000000018990000,0x0000000018a90000)]
  0x0000000016c52800 JavaThread "C1 CompilerThread2" daemon [_thread_blocked, id=6308, stack(0x0000000018490000,0x0000000018590000)]
  0x0000000016c4d800 JavaThread "C2 CompilerThread1" daemon [_thread_blocked, id=4164, stack(0x0000000018390000,0x0000000018490000)]
=>0x0000000016c49800 JavaThread "C2 CompilerThread0" daemon [_thread_in_native, id=2400, stack(0x0000000018290000,0x0000000018390000)]
  0x0000000016c48000 JavaThread "Attach Listener" daemon [_thread_blocked, id=3740, stack(0x0000000018190000,0x0000000018290000)]
  0x0000000016c56000 JavaThread "Signal Dispatcher" daemon [_thread_blocked, id=7784, stack(0x0000000018090000,0x0000000018190000)]
  0x00000000032db800 JavaThread "Finalizer" daemon [_thread_blocked, id=5900, stack(0x0000000017ea0000,0x0000000017fa0000)]
  0x00000000032d0800 JavaThread "Reference Handler" daemon [_thread_blocked, id=9596, stack(0x0000000017da0000,0x0000000017ea0000)]
  0x00000000030dd800 JavaThread "main" [_thread_blocked, id=7624, stack(0x00000000030e0000,0x00000000031e0000)]

Other Threads:
  0x0000000016c17800 VMThread [stack: 0x0000000017ca0000,0x0000000017da0000] [id=1792]
  0x0000000016cae000 WatcherThread [stack: 0x0000000018a90000,0x0000000018b90000] [id=9252]

VM state:not at safepoint (normal execution)

VM Mutex/Monitor currently owned by a thread: None

Heap:
 PSYoungGen      total 159744K, used 68814K [0x00000000e0000000, 0x00000000eb480000, 0x0000000100000000)
  eden space 144896K, 42% used [0x00000000e0000000,0x00000000e3ca7ee0,0x00000000e8d80000)
  from space 14848K, 45% used [0x00000000ea600000,0x00000000eac8bae8,0x00000000eb480000)
  to   space 19968K, 0% used [0x00000000e8d80000,0x00000000e8d80000,0x00000000ea100000)
 ParOldGen       total 108032K, used 53910K [0x00000000a0000000, 0x00000000a6980000, 0x00000000e0000000)
  object space 108032K, 49% used [0x00000000a0000000,0x00000000a34a5908,0x00000000a6980000)
 Metaspace       used 74783K, capacity 78530K, committed 78744K, reserved 1118208K
  class space    used 9804K, capacity 10565K, committed 10664K, reserved 1048576K

Card table byte_map: [0x00000000126a0000,0x00000000129b0000] byte_map_base: 0x00000000121a0000

Marking Bits: (ParMarkBitMap*) 0x0000000074eb5aa0
 Begin Bits: [0x0000000012fb0000, 0x00000000147b0000)
 End Bits:   [0x00000000147b0000, 0x0000000015fb0000)

Polling page: 0x0000000001430000

CodeCache: size=245760Kb used=37358Kb max_used=37531Kb free=208401Kb
 bounds [0x00000000032e0000, 0x00000000057c0000, 0x00000000122e0000]
 total_blobs=12054 nmethods=11237 adapters=729
 compilation: enabled

Compilation events (10 events):
Event: 2898.972 Thread 0x0000000016c4d800 13578       4       com.google.common.collect.ImmutableMap$Builder::putAll (62 bytes)
Event: 2898.990 Thread 0x0000000016c52800 13580       3       com.google.common.collect.Sets::newLinkedHashSet (8 bytes)
Event: 2898.991 Thread 0x0000000016c52800 nmethod 13580 0x0000000003649f50 code [0x000000000364a100, 0x000000000364a5a8]
Event: 2898.993 Thread 0x0000000016c52800 13581       3       org.gradle.api.internal.artifacts.configurations.DefaultConfiguration::getAttributes (5 bytes)
Event: 2898.994 Thread 0x0000000016c52800 nmethod 13581 0x00000000043abed0 code [0x00000000043ac040, 0x00000000043ac248]
Event: 2899.000 Thread 0x0000000016c52800 13582       3       java.util.Collections$SingletonSet::spliterator (8 bytes)
Event: 2899.001 Thread 0x0000000016c52800 nmethod 13582 0x0000000003a99710 code [0x0000000003a99880, 0x0000000003a99b70]
Event: 2899.040 Thread 0x0000000016c4d800 nmethod 13578 0x00000000054cb590 code [0x00000000054cb780, 0x00000000054cc5f8]
Event: 2899.040 Thread 0x0000000016c4d800 13579       4       com.google.common.collect.ImmutableMap::copyOf (38 bytes)
Event: 2899.052 Thread 0x0000000016c4d800 nmethod 13579 0x0000000003f60890 code [0x0000000003f60a40, 0x0000000003f60ef8]

GC Heap History (10 events):
Event: 866.546 GC heap before
{Heap before GC invocations=19 (full 3):
 PSYoungGen      total 185344K, used 185320K [0x00000000e0000000, 0x00000000ed800000, 0x0000000100000000)
  eden space 171008K, 100% used [0x00000000e0000000,0x00000000ea700000,0x00000000ea700000)
  from space 14336K, 99% used [0x00000000ea700000,0x00000000eb4fa060,0x00000000eb500000)
  to   space 17920K, 0% used [0x00000000ec680000,0x00000000ec680000,0x00000000ed800000)
 ParOldGen       total 108032K, used 33459K [0x00000000a0000000, 0x00000000a6980000, 0x00000000e0000000)
  object space 108032K, 30% used [0x00000000a0000000,0x00000000a20acc28,0x00000000a6980000)
 Metaspace       used 70051K, capacity 72696K, committed 72856K, reserved 1112064K
  class space    used 9235K, capacity 9799K, committed 9896K, reserved 1048576K
Event: 866.710 GC heap after
Heap after GC invocations=19 (full 3):
 PSYoungGen      total 183296K, used 17898K [0x00000000e0000000, 0x00000000ed800000, 0x0000000100000000)
  eden space 165376K, 0% used [0x00000000e0000000,0x00000000e0000000,0x00000000ea180000)
  from space 17920K, 99% used [0x00000000ec680000,0x00000000ed7fa968,0x00000000ed800000)
  to   space 20992K, 0% used [0x00000000eaf00000,0x00000000eaf00000,0x00000000ec380000)
 ParOldGen       total 108032K, used 36281K [0x00000000a0000000, 0x00000000a6980000, 0x00000000e0000000)
  object space 108032K, 33% used [0x00000000a0000000,0x00000000a236e560,0x00000000a6980000)
 Metaspace       used 70051K, capacity 72696K, committed 72856K, reserved 1112064K
  class space    used 9235K, capacity 9799K, committed 9896K, reserved 1048576K
}
Event: 1403.088 GC heap before
{Heap before GC invocations=20 (full 3):
 PSYoungGen      total 183296K, used 183274K [0x00000000e0000000, 0x00000000ed800000, 0x0000000100000000)
  eden space 165376K, 100% used [0x00000000e0000000,0x00000000ea180000,0x00000000ea180000)
  from space 17920K, 99% used [0x00000000ec680000,0x00000000ed7fa968,0x00000000ed800000)
  to   space 20992K, 0% used [0x00000000eaf00000,0x00000000eaf00000,0x00000000ec380000)
 ParOldGen       total 108032K, used 36281K [0x00000000a0000000, 0x00000000a6980000, 0x00000000e0000000)
  object space 108032K, 33% used [0x00000000a0000000,0x00000000a236e560,0x00000000a6980000)
 Metaspace       used 70512K, capacity 73244K, committed 73368K, reserved 1112064K
  class space    used 9251K, capacity 9825K, committed 9896K, reserved 1048576K
Event: 1403.145 GC heap after
Heap after GC invocations=20 (full 3):
 PSYoungGen      total 170496K, used 10300K [0x00000000e0000000, 0x00000000ec700000, 0x0000000100000000)
  eden space 159744K, 0% used [0x00000000e0000000,0x00000000e0000000,0x00000000e9c00000)
  from space 10752K, 95% used [0x00000000eaf00000,0x00000000eb90f218,0x00000000eb980000)
  to   space 13824K, 0% used [0x00000000eb980000,0x00000000eb980000,0x00000000ec700000)
 ParOldGen       total 108032K, used 48819K [0x00000000a0000000, 0x00000000a6980000, 0x00000000e0000000)
  object space 108032K, 45% used [0x00000000a0000000,0x00000000a2face28,0x00000000a6980000)
 Metaspace       used 70512K, capacity 73244K, committed 73368K, reserved 1112064K
  class space    used 9251K, capacity 9825K, committed 9896K, reserved 1048576K
}
Event: 1596.556 GC heap before
{Heap before GC invocations=21 (full 3):
 PSYoungGen      total 170496K, used 170044K [0x00000000e0000000, 0x00000000ec700000, 0x0000000100000000)
  eden space 159744K, 100% used [0x00000000e0000000,0x00000000e9c00000,0x00000000e9c00000)
  from space 10752K, 95% used [0x00000000eaf00000,0x00000000eb90f218,0x00000000eb980000)
  to   space 13824K, 0% used [0x00000000eb980000,0x00000000eb980000,0x00000000ec700000)
 ParOldGen       total 108032K, used 48847K [0x00000000a0000000, 0x00000000a6980000, 0x00000000e0000000)
  object space 108032K, 45% used [0x00000000a0000000,0x00000000a2fb3e48,0x00000000a6980000)
 Metaspace       used 70800K, capacity 73576K, committed 73880K, reserved 1114112K
  class space    used 9259K, capacity 9837K, committed 9896K, reserved 1048576K
Event: 1596.612 GC heap after
Heap after GC invocations=21 (full 3):
 PSYoungGen      total 168448K, used 13813K [0x00000000e0000000, 0x00000000ec700000, 0x0000000100000000)
  eden space 154624K, 0% used [0x00000000e0000000,0x00000000e0000000,0x00000000e9700000)
  from space 13824K, 99% used [0x00000000eb980000,0x00000000ec6fd7b0,0x00000000ec700000)
  to   space 20992K, 0% used [0x00000000e9e00000,0x00000000e9e00000,0x00000000eb280000)
 ParOldGen       total 108032K, used 49263K [0x00000000a0000000, 0x00000000a6980000, 0x00000000e0000000)
  object space 108032K, 45% used [0x00000000a0000000,0x00000000a301bee8,0x00000000a6980000)
 Metaspace       used 70800K, capacity 73576K, committed 73880K, reserved 1114112K
  class space    used 9259K, capacity 9837K, committed 9896K, reserved 1048576K
}
Event: 1870.721 GC heap before
{Heap before GC invocations=22 (full 3):
 PSYoungGen      total 168448K, used 168437K [0x00000000e0000000, 0x00000000ec700000, 0x0000000100000000)
  eden space 154624K, 100% used [0x00000000e0000000,0x00000000e9700000,0x00000000e9700000)
  from space 13824K, 99% used [0x00000000eb980000,0x00000000ec6fd7b0,0x00000000ec700000)
  to   space 20992K, 0% used [0x00000000e9e00000,0x00000000e9e00000,0x00000000eb280000)
 ParOldGen       total 108032K, used 49265K [0x00000000a0000000, 0x00000000a6980000, 0x00000000e0000000)
  object space 108032K, 45% used [0x00000000a0000000,0x00000000a301c7a8,0x00000000a6980000)
 Metaspace       used 71437K, capacity 74422K, committed 74520K, reserved 1114112K
  class space    used 9318K, capacity 9950K, committed 10024K, reserved 1048576K
Event: 1870.748 GC heap after
Heap after GC invocations=22 (full 3):
 PSYoungGen      total 154624K, used 4896K [0x00000000e0000000, 0x00000000eba00000, 0x0000000100000000)
  eden space 149504K, 0% used [0x00000000e0000000,0x00000000e0000000,0x00000000e9200000)
  from space 5120K, 95% used [0x00000000e9e00000,0x00000000ea2c8010,0x00000000ea300000)
  to   space 20480K, 0% used [0x00000000ea600000,0x00000000ea600000,0x00000000eba00000)
 ParOldGen       total 108032K, used 53902K [0x00000000a0000000, 0x00000000a6980000, 0x00000000e0000000)
  object space 108032K, 49% used [0x00000000a0000000,0x00000000a34a3908,0x00000000a6980000)
 Metaspace       used 71437K, capacity 74422K, committed 74520K, reserved 1114112K
  class space    used 9318K, capacity 9950K, committed 10024K, reserved 1048576K
}
Event: 2688.058 GC heap before
{Heap before GC invocations=23 (full 3):
 PSYoungGen      total 154624K, used 154400K [0x00000000e0000000, 0x00000000eba00000, 0x0000000100000000)
  eden space 149504K, 100% used [0x00000000e0000000,0x00000000e9200000,0x00000000e9200000)
  from space 5120K, 95% used [0x00000000e9e00000,0x00000000ea2c8010,0x00000000ea300000)
  to   space 20480K, 0% used [0x00000000ea600000,0x00000000ea600000,0x00000000eba00000)
 ParOldGen       total 108032K, used 53902K [0x00000000a0000000, 0x00000000a6980000, 0x00000000e0000000)
  object space 108032K, 49% used [0x00000000a0000000,0x00000000a34a3908,0x00000000a6980000)
 Metaspace       used 73424K, capacity 76736K, committed 76952K, reserved 1116160K
  class space    used 9620K, capacity 10324K, committed 10408K, reserved 1048576K
Event: 2688.133 GC heap after
Heap after GC invocations=23 (full 3):
 PSYoungGen      total 159744K, used 6702K [0x00000000e0000000, 0x00000000eb480000, 0x0000000100000000)
  eden space 144896K, 0% used [0x00000000e0000000,0x00000000e0000000,0x00000000e8d80000)
  from space 14848K, 45% used [0x00000000ea600000,0x00000000eac8bae8,0x00000000eb480000)
  to   space 19968K, 0% used [0x00000000e8d80000,0x00000000e8d80000,0x00000000ea100000)
 ParOldGen       total 108032K, used 53910K [0x00000000a0000000, 0x00000000a6980000, 0x00000000e0000000)
  object space 108032K, 49% used [0x00000000a0000000,0x00000000a34a5908,0x00000000a6980000)
 Metaspace       used 73424K, capacity 76736K, committed 76952K, reserved 1116160K
  class space    used 9620K, capacity 10324K, committed 10408K, reserved 1048576K
}

Deoptimization events (10 events):
Event: 2689.290 Thread 0x000000001ed4f000 Uncommon trap: reason=unstable_if action=reinterpret pc=0x0000000003ea6fac method=java.util.regex.Pattern.closure(Ljava/util/regex/Pattern$Node;)Ljava/util/regex/Pattern$Node; @ 113
Event: 2689.290 Thread 0x000000001ed4f000 Uncommon trap: reason=unstable_if action=reinterpret pc=0x0000000004bff494 method=java.util.regex.Pattern$Curly.match(Ljava/util/regex/Matcher;ILjava/lang/CharSequence;)Z @ 45
Event: 2689.511 Thread 0x000000001ed4f000 Uncommon trap: reason=unstable_if action=reinterpret pc=0x00000000050b77d0 method=java.util.ArrayList.fastRemove(I)V @ 20
Event: 2689.813 Thread 0x000000001ed4c000 Uncommon trap: reason=unstable_if action=reinterpret pc=0x0000000004f8eb74 method=java.nio.DirectByteBuffer.put([BII)Ljava/nio/ByteBuffer; @ 8
Event: 2897.819 Thread 0x000000001ed50800 Uncommon trap: reason=class_check action=maybe_recompile pc=0x00000000054c3a9c method=java.lang.reflect.Array.newInstance(Ljava/lang/Class;I)Ljava/lang/Object; @ 2
Event: 2897.830 Thread 0x000000001ed51800 Uncommon trap: reason=class_check action=maybe_recompile pc=0x00000000054c3a9c method=java.lang.reflect.Array.newInstance(Ljava/lang/Class;I)Ljava/lang/Object; @ 2
Event: 2897.879 Thread 0x000000001ed4c000 Uncommon trap: reason=unstable_if action=reinterpret pc=0x0000000003ec5f30 method=java.lang.String.valueOf(Ljava/lang/Object;)Ljava/lang/String; @ 1
Event: 2897.880 Thread 0x000000001ed4c000 Uncommon trap: reason=unstable_if action=reinterpret pc=0x0000000004e74b00 method=java.nio.DirectByteBuffer.put([BII)Ljava/nio/ByteBuffer; @ 8
Event: 2898.631 Thread 0x000000001ed55000 Uncommon trap: reason=unstable_if action=reinterpret pc=0x0000000004ca099c method=java.util.concurrent.locks.AbstractQueuedSynchronizer.hasQueuedPredecessors()Z @ 21
Event: 2898.631 Thread 0x000000001ed53000 Uncommon trap: reason=unstable_if action=reinterpret pc=0x0000000004ca099c method=java.util.concurrent.locks.AbstractQueuedSynchronizer.hasQueuedPredecessors()Z @ 21

Classes redefined (0 events):
No events

Internal exceptions (10 events):
Event: 2898.909 Thread 0x000000001ed53000 Exception <a 'sun/nio/fs/WindowsException'> (0x00000000e3b2e2e8) thrown at [D:\src\AOSP-openjdk-cygwin\jdk8u\hotspot\src\share\vm\prims\jni.cpp, line 709]
Event: 2898.910 Thread 0x000000001ed53000 Exception <a 'sun/nio/fs/WindowsException'> (0x00000000e3b2ef18) thrown at [D:\src\AOSP-openjdk-cygwin\jdk8u\hotspot\src\share\vm\prims\jni.cpp, line 709]
Event: 2898.916 Thread 0x000000001ed53000 Exception <a 'sun/nio/fs/WindowsException'> (0x00000000e3b32340) thrown at [D:\src\AOSP-openjdk-cygwin\jdk8u\hotspot\src\share\vm\prims\jni.cpp, line 709]
Event: 2898.916 Thread 0x000000001ed53000 Exception <a 'sun/nio/fs/WindowsException'> (0x00000000e3b32eb8) thrown at [D:\src\AOSP-openjdk-cygwin\jdk8u\hotspot\src\share\vm\prims\jni.cpp, line 709]
Event: 2898.916 Thread 0x000000001ed53000 Exception <a 'sun/nio/fs/WindowsException'> (0x00000000e3b34ed0) thrown at [D:\src\AOSP-openjdk-cygwin\jdk8u\hotspot\src\share\vm\prims\jni.cpp, line 709]
Event: 2898.917 Thread 0x000000001ed53000 Exception <a 'sun/nio/fs/WindowsException'> (0x00000000e3b35b10) thrown at [D:\src\AOSP-openjdk-cygwin\jdk8u\hotspot\src\share\vm\prims\jni.cpp, line 709]
Event: 2898.923 Thread 0x000000001ed53000 Exception <a 'sun/nio/fs/WindowsException'> (0x00000000e3b3a950) thrown at [D:\src\AOSP-openjdk-cygwin\jdk8u\hotspot\src\share\vm\prims\jni.cpp, line 709]
Event: 2898.923 Thread 0x000000001ed53000 Exception <a 'sun/nio/fs/WindowsException'> (0x00000000e3b3b4b8) thrown at [D:\src\AOSP-openjdk-cygwin\jdk8u\hotspot\src\share\vm\prims\jni.cpp, line 709]
Event: 2898.923 Thread 0x000000001ed53000 Exception <a 'sun/nio/fs/WindowsException'> (0x00000000e3b3d4a8) thrown at [D:\src\AOSP-openjdk-cygwin\jdk8u\hotspot\src\share\vm\prims\jni.cpp, line 709]
Event: 2898.924 Thread 0x000000001ed53000 Exception <a 'sun/nio/fs/WindowsException'> (0x00000000e3b3e0d8) thrown at [D:\src\AOSP-openjdk-cygwin\jdk8u\hotspot\src\share\vm\prims\jni.cpp, line 709]

Events (10 events):
Event: 2898.629 Executing VM operation: RevokeBias done
Event: 2898.631 Thread 0x000000001ed55000 Uncommon trap: trap_request=0xffffff65 fr.pc=0x0000000004ca099c
Event: 2898.631 Thread 0x000000001ed53000 Uncommon trap: trap_request=0xffffff65 fr.pc=0x0000000004ca099c
Event: 2898.631 Thread 0x000000001ed53000 DEOPT PACKING pc=0x0000000004ca099c sp=0x00000000306aa100
Event: 2898.631 Thread 0x000000001ed55000 DEOPT PACKING pc=0x0000000004ca099c sp=0x0000000030eae550
Event: 2898.632 Thread 0x000000001ed53000 DEOPT UNPACKING pc=0x000000000332557b sp=0x00000000306a9ed0 mode 2
Event: 2898.632 Thread 0x000000001ed55000 DEOPT UNPACKING pc=0x000000000332557b sp=0x0000000030eae320 mode 2
Event: 2898.720 Executing VM operation: BulkRevokeBias
Event: 2898.721 Executing VM operation: BulkRevokeBias done
Event: 2898.759 Thread 0x000000001ed56800 Thread added: 0x000000001ed56800


Dynamic libraries:
0x00007ff740ea0000 - 0x00007ff740ed1000 	C:\Program Files\Android\Android Studio\jre\bin\java.exe
0x00007ffb33490000 - 0x00007ffb33660000 	C:\Windows\SYSTEM32\ntdll.dll
0x00007ffb327a0000 - 0x00007ffb3284c000 	C:\Windows\System32\KERNEL32.DLL
0x00007ffb30460000 - 0x00007ffb3067d000 	C:\Windows\System32\KERNELBASE.dll
0x00007ffb32ed0000 - 0x00007ffb32f72000 	C:\Windows\System32\ADVAPI32.dll
0x00007ffb33120000 - 0x00007ffb331be000 	C:\Windows\System32\msvcrt.dll
0x00007ffb30b90000 - 0x00007ffb30be9000 	C:\Windows\System32\sechost.dll
0x00007ffb30bf0000 - 0x00007ffb30d11000 	C:\Windows\System32\RPCRT4.dll
0x00007ffb30a20000 - 0x00007ffb30b85000 	C:\Windows\System32\USER32.dll
0x00007ffb30a00000 - 0x00007ffb30a1e000 	C:\Windows\System32\win32u.dll
0x00007ffb331c0000 - 0x00007ffb331f4000 	C:\Windows\System32\GDI32.dll
0x00007ffb2fba0000 - 0x00007ffb2fd21000 	C:\Windows\System32\gdi32full.dll
0x00007ffb25c30000 - 0x00007ffb25eaa000 	C:\Windows\WinSxS\amd64_microsoft.windows.common-controls_6595b64144ccf1df_6.0.14393.2608_none_7ddacc7e8347078e\COMCTL32.dll
0x00007ffb32470000 - 0x00007ffb32735000 	C:\Windows\System32\combase.dll
0x00007ffb30680000 - 0x00007ffb30774000 	C:\Windows\System32\ucrtbase.dll
0x00007ffb2fb30000 - 0x00007ffb2fb9a000 	C:\Windows\System32\bcryptPrimitives.dll
0x00007ffb323a0000 - 0x00007ffb323ce000 	C:\Windows\System32\IMM32.DLL
0x00007ffb2e900000 - 0x00007ffb2e930000 	C:\Windows\system32\DriverStore\FileRepository\nvacwu.inf_amd64_bdd6ea477d4e2fba\nvinitx.dll
0x00007ffb2e8f0000 - 0x00007ffb2e8fa000 	C:\Windows\SYSTEM32\VERSION.dll
0x00000000759a0000 - 0x0000000075a72000 	C:\Program Files\Android\Android Studio\jre\jre\bin\msvcr100.dll
0x00000000746f0000 - 0x0000000074f31000 	C:\Program Files\Android\Android Studio\jre\jre\bin\server\jvm.dll
0x00007ffb33360000 - 0x00007ffb33368000 	C:\Windows\System32\PSAPI.DLL
0x00007ffb2d990000 - 0x00007ffb2d9b3000 	C:\Windows\SYSTEM32\WINMM.dll
0x00007ffb2a410000 - 0x00007ffb2a419000 	C:\Windows\SYSTEM32\WSOCK32.dll
0x00007ffb30d20000 - 0x00007ffb30d8a000 	C:\Windows\System32\WS2_32.dll
0x00000000013e0000 - 0x000000000140b000 	C:\Windows\SYSTEM32\WINMMBASE.dll
0x00007ffb2fd30000 - 0x00007ffb2fd72000 	C:\Windows\System32\cfgmgr32.dll
0x00007ffb2a400000 - 0x00007ffb2a40f000 	C:\Program Files\Android\Android Studio\jre\jre\bin\verify.dll
0x00007ffb286d0000 - 0x00007ffb286f9000 	C:\Program Files\Android\Android Studio\jre\jre\bin\java.dll
0x00007ffb29fb0000 - 0x00007ffb29fc6000 	C:\Program Files\Android\Android Studio\jre\jre\bin\zip.dll
0x00007ffb30e90000 - 0x00007ffb32395000 	C:\Windows\System32\SHELL32.dll
0x00007ffb2fd80000 - 0x00007ffb30459000 	C:\Windows\System32\windows.storage.dll
0x00007ffb2f8f0000 - 0x00007ffb2f93c000 	C:\Windows\System32\powrprof.dll
0x00007ffb33430000 - 0x00007ffb33482000 	C:\Windows\System32\shlwapi.dll
0x00007ffb2f940000 - 0x00007ffb2f94f000 	C:\Windows\System32\kernel.appcore.dll
0x00007ffb30950000 - 0x00007ffb309f9000 	C:\Windows\System32\shcore.dll
0x00007ffb2f960000 - 0x00007ffb2f974000 	C:\Windows\System32\profapi.dll
0x00007ffb29cd0000 - 0x00007ffb29cea000 	C:\Program Files\Android\Android Studio\jre\jre\bin\net.dll
0x00007ffb2f220000 - 0x00007ffb2f27c000 	C:\Windows\system32\mswsock.dll
0x00007ffb24a20000 - 0x00007ffb24a31000 	C:\Program Files\Android\Android Studio\jre\jre\bin\nio.dll
0x00007ffb23af0000 - 0x00007ffb23b0e000 	C:\Users\Admin\.gradle\native\25\windows-amd64\native-platform.dll
0x00007ffb2a070000 - 0x00007ffb2a07d000 	C:\Program Files\Android\Android Studio\jre\jre\bin\management.dll
0x00007ffb2f3c0000 - 0x00007ffb2f3d7000 	C:\Windows\SYSTEM32\CRYPTSP.dll
0x00007ffb2ee20000 - 0x00007ffb2ee53000 	C:\Windows\system32\rsaenh.dll
0x00007ffb2f4d0000 - 0x00007ffb2f4fb000 	C:\Windows\SYSTEM32\bcrypt.dll
0x00007ffb2f0a0000 - 0x00007ffb2f0bf000 	C:\Windows\SYSTEM32\USERENV.dll
0x00007ffb2f3e0000 - 0x00007ffb2f3eb000 	C:\Windows\SYSTEM32\CRYPTBASE.dll
0x00007ffb2efa0000 - 0x00007ffb2efd8000 	C:\Windows\SYSTEM32\IPHLPAPI.DLL
0x00007ffb30e80000 - 0x00007ffb30e88000 	C:\Windows\System32\NSI.dll
0x00007ffb296f0000 - 0x00007ffb29706000 	C:\Windows\SYSTEM32\dhcpcsvc6.DLL
0x00007ffb297a0000 - 0x00007ffb297ba000 	C:\Windows\SYSTEM32\dhcpcsvc.DLL

VM Arguments:
jvm_args: -Xmx1536m -Dfile.encoding=windows-1251 -Duser.country=RU -Duser.language=ru -Duser.variant 
java_command: org.gradle.launcher.daemon.bootstrap.GradleDaemon 5.1.1
java_class_path (initial): C:\Users\Admin\.gradle\wrapper\dists\gradle-5.1.1-all\97z1ksx6lirer3kbvdnh7jtjg\gradle-5.1.1\lib\gradle-launcher-5.1.1.jar
Launcher Type: SUN_STANDARD

Environment Variables:
PATH=C:\Program Files (x86)\NVIDIA Corporation\PhysX\Common;C:\Windows\system32;C:\Windows;C:\Windows\System32\Wbem;C:\Windows\System32\WindowsPowerShell\v1.0\;D:\Git\cmd;C:\Users\Admin\AppData\Local\Programs\Python\Python36\Scripts\;C:\Users\Admin\AppData\Local\Programs\Python\Python36\;C:\Users\Admin\AppData\Local\Microsoft\WindowsApps;C:\Users\Admin\AppData\Local\GitHubDesktop\bin;C:\Program Files\JetBrains\PyCharm 2018.3.3\bin;
USERNAME=Admin
OS=Windows_NT
PROCESSOR_IDENTIFIER=Intel64 Family 6 Model 42 Stepping 7, GenuineIntel



---------------  S Y S T E M  ---------------

OS: Windows 10.0 , 64 bit Build 14393 (10.0.14393.2608)

CPU:total 4 (initial active 4) (2 cores per cpu, 2 threads per core) family 6 model 42 stepping 7, cmov, cx8, fxsr, mmx, sse, sse2, sse3, ssse3, sse4.1, sse4.2, popcnt, avx, aes, clmul, ht, tsc, tscinvbit

Memory: 4k page, physical 6139756k(1503504k free), swap 11614520k(5340k free)

vm_info: OpenJDK 64-Bit Server VM (25.152-b01) for windows-amd64 JRE (1.8.0_152-release-1343-b01), built by "builder" with MS VC++ 10.0 (VS2010)

time: Fri Sep 13 21:52:27 2019
elapsed time: 2899 seconds (0d 0h 48m 19s)

