#
# There is insufficient memory for the Java Runtime Environment to continue.
# Native memory allocation (malloc) failed to allocate 1268976 bytes for Chunk::new
# Possible reasons:
#   The system is out of physical RAM or swap space
#   In 32 bit mode, the process size limit was hit
# Possible solutions:
#   Reduce memory load on the system
#   Increase physical memory or swap space
#   Check if swap backing store is full
#   Use 64 bit Java on a 64 bit OS
#   Decrease Java heap size (-Xmx/-Xms)
#   Decrease number of Java threads
#   Decrease Java thread stack sizes (-Xss)
#   Set larger code cache with -XX:ReservedCodeCacheSize=
# This output file may be truncated or incomplete.
#
#  Out of Memory Error (allocation.cpp:390), pid=5188, tid=0x0000000000000f68
#
# JRE version: OpenJDK Runtime Environment (8.0_152-b01) (build 1.8.0_152-release-1343-b01)
# Java VM: OpenJDK 64-Bit Server VM (25.152-b01 mixed mode windows-amd64 compressed oops)
# Failed to write core dump. Minidumps are not enabled by default on client versions of Windows
#

---------------  T H R E A D  ---------------

Current thread (0x0000000016462000):  JavaThread "C2 CompilerThread1" daemon [_thread_in_native, id=3944, stack(0x0000000017ba0000,0x0000000017ca0000)]

Stack: [0x0000000017ba0000,0x0000000017ca0000]
[error occurred during error reporting (printing stack bounds), id 0xc0000005]

Native frames: (J=compiled Java code, j=interpreted, Vv=VM code, C=native code)


Current CompileTask:
C2:  33169 5007   !   4       java.net.URLClassLoader$1::run (63 bytes)


---------------  P R O C E S S  ---------------

Java Threads: ( => current thread )
  0x000000001b687000 JavaThread "Cache worker for Build Output Cleanup Cache (D:\pd\.gradle\buildOutputCleanup)" [_thread_blocked, id=8940, stack(0x0000000020fe0000,0x00000000210e0000)]
  0x000000001b685000 JavaThread "Build operations Thread 4" [_thread_blocked, id=6824, stack(0x0000000020ee0000,0x0000000020fe0000)]
  0x000000001b68a000 JavaThread "Build operations Thread 3" [_thread_blocked, id=4492, stack(0x0000000020de0000,0x0000000020ee0000)]
  0x000000001b689000 JavaThread "Build operations Thread 2" [_thread_blocked, id=2940, stack(0x0000000020ce0000,0x0000000020de0000)]
  0x000000001b686000 JavaThread "Build operations" [_thread_blocked, id=7824, stack(0x0000000020be0000,0x0000000020ce0000)]
  0x0000000018692800 JavaThread "Cache worker for execution history cache (C:\Users\Admin\.gradle\caches\5.1.1\executionHistory)" [_thread_blocked, id=10884, stack(0x00000000204e0000,0x00000000205e0000)]
  0x0000000018692000 JavaThread "Cache worker for cache directory md-rule (C:\Users\Admin\.gradle\caches\5.1.1\md-rule)" [_thread_blocked, id=6724, stack(0x00000000203e0000,0x00000000204e0000)]
  0x0000000018691000 JavaThread "Cache worker for cache directory md-supplier (C:\Users\Admin\.gradle\caches\5.1.1\md-supplier)" [_thread_blocked, id=4564, stack(0x00000000202e0000,0x00000000203e0000)]
  0x0000000018694000 JavaThread "Cache worker for file hash cache (D:\pd\.gradle\5.1.1\fileHashes)" [_thread_blocked, id=5628, stack(0x000000001e950000,0x000000001ea50000)]
  0x0000000018693800 JavaThread "Cache worker for journal cache (C:\Users\Admin\.gradle\caches\journal-1)" [_thread_blocked, id=9608, stack(0x000000001b1b0000,0x000000001b2b0000)]
  0x000000001868e000 JavaThread "File lock request listener" [_thread_in_native, id=4740, stack(0x000000001b0b0000,0x000000001b1b0000)]
  0x000000001950b000 JavaThread "Cache worker for file hash cache (C:\Users\Admin\.gradle\caches\5.1.1\fileHashes)" [_thread_blocked, id=7276, stack(0x000000001afb0000,0x000000001b0b0000)]
  0x000000001959d800 JavaThread "Thread-8" [_thread_blocked, id=10148, stack(0x000000001aeb0000,0x000000001afb0000)]
  0x000000001959a800 JavaThread "Stdin handler" [_thread_blocked, id=8456, stack(0x000000001adb0000,0x000000001aeb0000)]
  0x000000001880d000 JavaThread "Asynchronous log dispatcher for DefaultDaemonConnection: socket connection from /127.0.0.1:54693 to /127.0.0.1:54694" [_thread_blocked, id=8204, stack(0x000000001acb0000,0x000000001adb0000)]
  0x00000000187f6800 JavaThread "Daemon worker" [_thread_in_native, id=7288, stack(0x000000001abb0000,0x000000001acb0000)]
  0x00000000187f4800 JavaThread "Cancel handler" [_thread_blocked, id=11056, stack(0x000000001aab0000,0x000000001abb0000)]
  0x0000000018a1d800 JavaThread "Handler for socket connection from /127.0.0.1:54693 to /127.0.0.1:54694" [_thread_in_native, id=5560, stack(0x000000001a7b0000,0x000000001a8b0000)]
  0x0000000018a19000 JavaThread "Daemon" [_thread_blocked, id=10596, stack(0x000000001a6b0000,0x000000001a7b0000)]
  0x000000001943f800 JavaThread "Daemon periodic checks" [_thread_blocked, id=4152, stack(0x000000001a5b0000,0x000000001a6b0000)]
  0x000000001943a800 JavaThread "Incoming local TCP Connector on port 54693" [_thread_in_native, id=6772, stack(0x000000001a0b0000,0x000000001a1b0000)]
  0x0000000017dca800 JavaThread "Service Thread" daemon [_thread_blocked, id=4800, stack(0x00000000181a0000,0x00000000182a0000)]
  0x0000000016465000 JavaThread "C1 CompilerThread2" daemon [_thread_blocked, id=6744, stack(0x0000000017ca0000,0x0000000017da0000)]
=>0x0000000016462000 JavaThread "C2 CompilerThread1" daemon [_thread_in_native, id=3944, stack(0x0000000017ba0000,0x0000000017ca0000)]
  0x000000001645e800 JavaThread "C2 CompilerThread0" daemon [_thread_blocked, id=9276, stack(0x0000000017aa0000,0x0000000017ba0000)]
  0x000000001645d000 JavaThread "Attach Listener" daemon [_thread_blocked, id=8380, stack(0x00000000179a0000,0x0000000017aa0000)]
  0x000000001645c000 JavaThread "Signal Dispatcher" daemon [_thread_blocked, id=4720, stack(0x00000000178a0000,0x00000000179a0000)]
  0x0000000002aed800 JavaThread "Finalizer" daemon [_thread_blocked, id=9692, stack(0x00000000176b0000,0x00000000177b0000)]
  0x0000000002ae2000 JavaThread "Reference Handler" daemon [_thread_blocked, id=6420, stack(0x00000000175b0000,0x00000000176b0000)]
  0x00000000029dd800 JavaThread "main" [_thread_blocked, id=6928, stack(0x0000000002840000,0x0000000002940000)]

Other Threads:
  0x0000000016427800 VMThread [stack: 0x00000000174b0000,0x00000000175b0000] [id=10872]
  0x000000001649c000 WatcherThread [stack: 0x00000000182a0000,0x00000000183a0000] [id=7688]

VM state:not at safepoint (normal execution)

VM Mutex/Monitor currently owned by a thread: None

Heap:
 PSYoungGen      total 161792K, used 18782K [0x00000000e0000000, 0x00000000ead00000, 0x0000000100000000)
  eden space 148480K, 4% used [0x00000000e0000000,0x00000000e070b988,0x00000000e9100000)
  from space 13312K, 86% used [0x00000000e9f00000,0x00000000eaa4c080,0x00000000eac00000)
  to   space 14336K, 0% used [0x00000000e9100000,0x00000000e9100000,0x00000000e9f00000)
 ParOldGen       total 68096K, used 29417K [0x00000000a0000000, 0x00000000a4280000, 0x00000000e0000000)
  object space 68096K, 43% used [0x00000000a0000000,0x00000000a1cba5e8,0x00000000a4280000)
 Metaspace       used 56769K, capacity 58200K, committed 58280K, reserved 1099776K
  class space    used 7632K, capacity 8058K, committed 8104K, reserved 1048576K

Card table byte_map: [0x0000000011eb0000,0x00000000121c0000] byte_map_base: 0x00000000119b0000

Marking Bits: (ParMarkBitMap*) 0x000000005db05aa0
 Begin Bits: [0x00000000127c0000, 0x0000000013fc0000)
 End Bits:   [0x0000000013fc0000, 0x00000000157c0000)

Polling page: 0x0000000000b00000

CodeCache: size=245760Kb used=16617Kb max_used=16617Kb free=229142Kb
 bounds [0x0000000002af0000, 0x0000000003b40000, 0x0000000011af0000]
 total_blobs=5601 nmethods=4809 adapters=705
 compilation: enabled

Compilation events (10 events):
Event: 33.074 Thread 0x0000000016465000 5089       3       java.lang.reflect.Modifier::isSynthetic (14 bytes)
Event: 33.074 Thread 0x0000000016465000 nmethod 5089 0x0000000003b2e950 code [0x0000000003b2eaa0, 0x0000000003b2ec30]
Event: 33.076 Thread 0x0000000016465000 5090       3       com.google.gson.internal.$Gson$Types::canonicalize (139 bytes)
Event: 33.076 Thread 0x000000001645e800 5091       4       java.util.Collections$UnmodifiableCollection$1::hasNext (10 bytes)
Event: 33.077 Thread 0x000000001645e800 nmethod 5091 0x0000000003b20f50 code [0x0000000003b21080, 0x0000000003b210f8]
Event: 33.077 Thread 0x0000000016465000 nmethod 5090 0x0000000003b2fe50 code [0x0000000003b30100, 0x0000000003b31508]
Event: 33.079 Thread 0x0000000016465000 5092       3       sun.nio.cs.SingleByte$Decoder::decodeArrayLoop (154 bytes)
Event: 33.082 Thread 0x0000000016465000 nmethod 5092 0x0000000003b31910 code [0x0000000003b31cc0, 0x0000000003b33bc8]
Event: 33.082 Thread 0x0000000016465000 5093       3       java.nio.HeapByteBuffer::compact (52 bytes)
Event: 33.083 Thread 0x0000000016465000 nmethod 5093 0x0000000003b2eed0 code [0x0000000003b2f080, 0x0000000003b2f8c8]

GC Heap History (10 events):
Event: 16.945 GC heap before
{Heap before GC invocations=10 (full 1):
 PSYoungGen      total 87552K, used 87551K [0x00000000e0000000, 0x00000000e6d00000, 0x0000000100000000)
  eden space 81920K, 100% used [0x00000000e0000000,0x00000000e5000000,0x00000000e5000000)
  from space 5632K, 99% used [0x00000000e6780000,0x00000000e6cffcf0,0x00000000e6d00000)
  to   space 8192K, 0% used [0x00000000e5d00000,0x00000000e5d00000,0x00000000e6500000)
 ParOldGen       total 44544K, used 9213K [0x00000000a0000000, 0x00000000a2b80000, 0x00000000e0000000)
  object space 44544K, 20% used [0x00000000a0000000,0x00000000a08ff6c8,0x00000000a2b80000)
 Metaspace       used 32417K, capacity 32972K, committed 33152K, reserved 1077248K
  class space    used 4463K, capacity 4678K, committed 4736K, reserved 1048576K
Event: 17.003 GC heap after
Heap after GC invocations=10 (full 1):
 PSYoungGen      total 103424K, used 8162K [0x00000000e0000000, 0x00000000e8500000, 0x0000000100000000)
  eden space 95232K, 0% used [0x00000000e0000000,0x00000000e0000000,0x00000000e5d00000)
  from space 8192K, 99% used [0x00000000e5d00000,0x00000000e64f89e0,0x00000000e6500000)
  to   space 10240K, 0% used [0x00000000e7b00000,0x00000000e7b00000,0x00000000e8500000)
 ParOldGen       total 44544K, used 11887K [0x00000000a0000000, 0x00000000a2b80000, 0x00000000e0000000)
  object space 44544K, 26% used [0x00000000a0000000,0x00000000a0b9bd00,0x00000000a2b80000)
 Metaspace       used 32417K, capacity 32972K, committed 33152K, reserved 1077248K
  class space    used 4463K, capacity 4678K, committed 4736K, reserved 1048576K
}
Event: 20.591 GC heap before
{Heap before GC invocations=11 (full 1):
 PSYoungGen      total 103424K, used 57489K [0x00000000e0000000, 0x00000000e8500000, 0x0000000100000000)
  eden space 95232K, 51% used [0x00000000e0000000,0x00000000e302bdf8,0x00000000e5d00000)
  from space 8192K, 99% used [0x00000000e5d00000,0x00000000e64f89e0,0x00000000e6500000)
  to   space 10240K, 0% used [0x00000000e7b00000,0x00000000e7b00000,0x00000000e8500000)
 ParOldGen       total 44544K, used 11887K [0x00000000a0000000, 0x00000000a2b80000, 0x00000000e0000000)
  object space 44544K, 26% used [0x00000000a0000000,0x00000000a0b9bd00,0x00000000a2b80000)
 Metaspace       used 34713K, capacity 35392K, committed 35496K, reserved 1079296K
  class space    used 4785K, capacity 5002K, committed 5032K, reserved 1048576K
Event: 20.658 GC heap after
Heap after GC invocations=11 (full 1):
 PSYoungGen      total 125440K, used 7727K [0x00000000e0000000, 0x00000000e9900000, 0x0000000100000000)
  eden space 115200K, 0% used [0x00000000e0000000,0x00000000e0000000,0x00000000e7080000)
  from space 10240K, 75% used [0x00000000e7b00000,0x00000000e828bde8,0x00000000e8500000)
  to   space 10752K, 0% used [0x00000000e7080000,0x00000000e7080000,0x00000000e7b00000)
 ParOldGen       total 44544K, used 14460K [0x00000000a0000000, 0x00000000a2b80000, 0x00000000e0000000)
  object space 44544K, 32% used [0x00000000a0000000,0x00000000a0e1f168,0x00000000a2b80000)
 Metaspace       used 34713K, capacity 35392K, committed 35496K, reserved 1079296K
  class space    used 4785K, capacity 5002K, committed 5032K, reserved 1048576K
}
Event: 20.658 GC heap before
{Heap before GC invocations=12 (full 2):
 PSYoungGen      total 125440K, used 7727K [0x00000000e0000000, 0x00000000e9900000, 0x0000000100000000)
  eden space 115200K, 0% used [0x00000000e0000000,0x00000000e0000000,0x00000000e7080000)
  from space 10240K, 75% used [0x00000000e7b00000,0x00000000e828bde8,0x00000000e8500000)
  to   space 10752K, 0% used [0x00000000e7080000,0x00000000e7080000,0x00000000e7b00000)
 ParOldGen       total 44544K, used 14460K [0x00000000a0000000, 0x00000000a2b80000, 0x00000000e0000000)
  object space 44544K, 32% used [0x00000000a0000000,0x00000000a0e1f168,0x00000000a2b80000)
 Metaspace       used 34713K, capacity 35392K, committed 35496K, reserved 1079296K
  class space    used 4785K, capacity 5002K, committed 5032K, reserved 1048576K
Event: 20.852 GC heap after
Heap after GC invocations=12 (full 2):
 PSYoungGen      total 125440K, used 0K [0x00000000e0000000, 0x00000000e9900000, 0x0000000100000000)
  eden space 115200K, 0% used [0x00000000e0000000,0x00000000e0000000,0x00000000e7080000)
  from space 10240K, 0% used [0x00000000e7b00000,0x00000000e7b00000,0x00000000e8500000)
  to   space 10752K, 0% used [0x00000000e7080000,0x00000000e7080000,0x00000000e7b00000)
 ParOldGen       total 68096K, used 17051K [0x00000000a0000000, 0x00000000a4280000, 0x00000000e0000000)
  object space 68096K, 25% used [0x00000000a0000000,0x00000000a10a6ce8,0x00000000a4280000)
 Metaspace       used 34713K, capacity 35392K, committed 35496K, reserved 1079296K
  class space    used 4785K, capacity 5002K, committed 5032K, reserved 1048576K
}
Event: 26.687 GC heap before
{Heap before GC invocations=13 (full 2):
 PSYoungGen      total 125440K, used 115200K [0x00000000e0000000, 0x00000000e9900000, 0x0000000100000000)
  eden space 115200K, 100% used [0x00000000e0000000,0x00000000e7080000,0x00000000e7080000)
  from space 10240K, 0% used [0x00000000e7b00000,0x00000000e7b00000,0x00000000e8500000)
  to   space 10752K, 0% used [0x00000000e7080000,0x00000000e7080000,0x00000000e7b00000)
 ParOldGen       total 68096K, used 17051K [0x00000000a0000000, 0x00000000a4280000, 0x00000000e0000000)
  object space 68096K, 25% used [0x00000000a0000000,0x00000000a10a6ce8,0x00000000a4280000)
 Metaspace       used 45453K, capacity 46498K, committed 46760K, reserved 1089536K
  class space    used 6134K, capacity 6461K, committed 6568K, reserved 1048576K
Event: 26.723 GC heap after
Heap after GC invocations=13 (full 2):
 PSYoungGen      total 125952K, used 10721K [0x00000000e0000000, 0x00000000eac00000, 0x0000000100000000)
  eden space 115200K, 0% used [0x00000000e0000000,0x00000000e0000000,0x00000000e7080000)
  from space 10752K, 99% used [0x00000000e7080000,0x00000000e7af8530,0x00000000e7b00000)
  to   space 13312K, 0% used [0x00000000e9f00000,0x00000000e9f00000,0x00000000eac00000)
 ParOldGen       total 68096K, used 21643K [0x00000000a0000000, 0x00000000a4280000, 0x00000000e0000000)
  object space 68096K, 31% used [0x00000000a0000000,0x00000000a1522f90,0x00000000a4280000)
 Metaspace       used 45453K, capacity 46498K, committed 46760K, reserved 1089536K
  class space    used 6134K, capacity 6461K, committed 6568K, reserved 1048576K
}
Event: 32.681 GC heap before
{Heap before GC invocations=14 (full 2):
 PSYoungGen      total 125952K, used 125921K [0x00000000e0000000, 0x00000000eac00000, 0x0000000100000000)
  eden space 115200K, 100% used [0x00000000e0000000,0x00000000e7080000,0x00000000e7080000)
  from space 10752K, 99% used [0x00000000e7080000,0x00000000e7af8530,0x00000000e7b00000)
  to   space 13312K, 0% used [0x00000000e9f00000,0x00000000e9f00000,0x00000000eac00000)
 ParOldGen       total 68096K, used 21643K [0x00000000a0000000, 0x00000000a4280000, 0x00000000e0000000)
  object space 68096K, 31% used [0x00000000a0000000,0x00000000a1522f90,0x00000000a4280000)
 Metaspace       used 56109K, capacity 57444K, committed 57640K, reserved 1099776K
  class space    used 7521K, capacity 7878K, committed 7976K, reserved 1048576K
Event: 32.743 GC heap after
Heap after GC invocations=14 (full 2):
 PSYoungGen      total 161792K, used 11568K [0x00000000e0000000, 0x00000000ead00000, 0x0000000100000000)
  eden space 148480K, 0% used [0x00000000e0000000,0x00000000e0000000,0x00000000e9100000)
  from space 13312K, 86% used [0x00000000e9f00000,0x00000000eaa4c080,0x00000000eac00000)
  to   space 14336K, 0% used [0x00000000e9100000,0x00000000e9100000,0x00000000e9f00000)
 ParOldGen       total 68096K, used 29417K [0x00000000a0000000, 0x00000000a4280000, 0x00000000e0000000)
  object space 68096K, 43% used [0x00000000a0000000,0x00000000a1cba5e8,0x00000000a4280000)
 Metaspace       used 56109K, capacity 57444K, committed 57640K, reserved 1099776K
  class space    used 7521K, capacity 7878K, committed 7976K, reserved 1048576K
}

Deoptimization events (10 events):
Event: 30.280 Thread 0x00000000187f6800 Uncommon trap: reason=unstable_if action=reinterpret pc=0x00000000038996f4 method=com.sun.org.apache.xerces.internal.impl.XMLEntityScanner.checkBeforeLoad(Lcom/sun/xml/internal/stream/Entity$ScannedEntity;II)I @ 18
Event: 30.485 Thread 0x00000000187f6800 Uncommon trap: reason=unstable_if action=reinterpret pc=0x00000000037092e0 method=com.google.gson.stream.JsonReader.doPeek()I @ 315
Event: 31.454 Thread 0x00000000187f6800 Uncommon trap: reason=unstable_if action=reinterpret pc=0x0000000002e31ce4 method=java.lang.String.lastIndexOf([CII[CIII)I @ 17
Event: 31.793 Thread 0x00000000187f6800 Uncommon trap: reason=unstable_if action=reinterpret pc=0x000000000302d6e8 method=java.util.concurrent.ConcurrentHashMap.putVal(Ljava/lang/Object;Ljava/lang/Object;Z)Ljava/lang/Object; @ 195
Event: 31.889 Thread 0x00000000187f6800 Uncommon trap: reason=unstable_if action=reinterpret pc=0x0000000003aa4e48 method=kotlin.reflect.jvm.internal.impl.protobuf.CodedInputStream.readRawVarint32()I @ 10
Event: 32.975 Thread 0x00000000187f6800 Uncommon trap: reason=unstable_if action=reinterpret pc=0x00000000038c443c method=java.util.regex.Pattern$LastNode.match(Ljava/util/regex/Matcher;ILjava/lang/CharSequence;)Z @ 13
Event: 32.975 Thread 0x00000000187f6800 Uncommon trap: reason=unstable_if action=reinterpret pc=0x00000000038d1868 method=java.util.regex.Pattern$GroupTail.match(Ljava/util/regex/Matcher;ILjava/lang/CharSequence;)Z @ 73
Event: 32.975 Thread 0x00000000187f6800 Uncommon trap: reason=unstable_if action=reinterpret pc=0x00000000038ba330 method=java.util.regex.Pattern$LastNode.match(Ljava/util/regex/Matcher;ILjava/lang/CharSequence;)Z @ 13
Event: 32.975 Thread 0x00000000187f6800 Uncommon trap: reason=unstable_if action=reinterpret pc=0x00000000038c01e0 method=java.util.regex.Pattern$LastNode.match(Ljava/util/regex/Matcher;ILjava/lang/CharSequence;)Z @ 13
Event: 32.975 Thread 0x00000000187f6800 Uncommon trap: reason=unstable_if action=reinterpret pc=0x00000000038d1868 method=java.util.regex.Pattern$GroupTail.match(Ljava/util/regex/Matcher;ILjava/lang/CharSequence;)Z @ 73

Classes redefined (0 events):
No events

Internal exceptions (10 events):
Event: 30.161 Thread 0x00000000187f6800 Exception <a 'sun/nio/fs/WindowsException'> (0x00000000e35cd4a8) thrown at [D:\src\AOSP-openjdk-cygwin\jdk8u\hotspot\src\share\vm\prims\jni.cpp, line 709]
Event: 30.432 Thread 0x00000000187f6800 Exception <a 'java/lang/NoSuchMethodError': java.lang.Object.lambda$comparing$77a9974f$1(Ljava/util/function/Function;Ljava/lang/Object;Ljava/lang/Object;)I> (0x00000000e37705e8) thrown at [D:\src\AOSP-openjdk-cygwin\jdk8u\hotspot\src\share\vm\interpreter
Event: 30.435 Thread 0x00000000187f6800 Exception <a 'java/lang/NoSuchMethodError': java.lang.Object.lambda$thenComparing$36697e65$1(Ljava/util/Comparator;Ljava/lang/Object;Ljava/lang/Object;)I> (0x00000000e377be50) thrown at [D:\src\AOSP-openjdk-cygwin\jdk8u\hotspot\src\share\vm\interpreter\li
Event: 30.505 Thread 0x00000000187f6800 Exception <a 'java/lang/NoSuchMethodError': java.lang.Object.lambda$maxBy$1(Ljava/util/Comparator;Ljava/lang/Object;Ljava/lang/Object;)Ljava/lang/Object;> (0x00000000e38ec8c0) thrown at [D:\src\AOSP-openjdk-cygwin\jdk8u\hotspot\src\share\vm\interpreter\li
Event: 31.057 Thread 0x00000000187f6800 Exception <a 'java/lang/ClassNotFoundException': org/gradle/api/plugins/internal/DefaultBasePluginConventionBeanInfo> (0x00000000e4073fa8) thrown at [D:\src\AOSP-openjdk-cygwin\jdk8u\hotspot\src\share\vm\classfile\systemDictionary.cpp, line 210]
Event: 31.058 Thread 0x00000000187f6800 Exception <a 'java/lang/ClassNotFoundException': org/gradle/api/plugins/BasePluginConventionBeanInfo> (0x00000000e409b3f0) thrown at [D:\src\AOSP-openjdk-cygwin\jdk8u\hotspot\src\share\vm\classfile\systemDictionary.cpp, line 210]
Event: 31.059 Thread 0x00000000187f6800 Exception <a 'java/lang/ClassNotFoundException': org/gradle/api/plugins/BasePluginConventionCustomizer> (0x00000000e40c3208) thrown at [D:\src\AOSP-openjdk-cygwin\jdk8u\hotspot\src\share\vm\classfile\systemDictionary.cpp, line 210]
Event: 31.061 Thread 0x00000000187f6800 Exception <a 'java/lang/ClassNotFoundException': org/gradle/api/plugins/internal/DefaultBasePluginConventionCustomizer> (0x00000000e4104970) thrown at [D:\src\AOSP-openjdk-cygwin\jdk8u\hotspot\src\share\vm\classfile\systemDictionary.cpp, line 210]
Event: 31.079 Thread 0x00000000187f6800 Exception <a 'java/lang/NoSuchMethodError': java.lang.Object.lambda$comparingInt$7b0bb60$1(Ljava/util/function/ToIntFunction;Ljava/lang/Object;Ljava/lang/Object;)I> (0x00000000e4179410) thrown at [D:\src\AOSP-openjdk-cygwin\jdk8u\hotspot\src\share\vm\inte
Event: 31.081 Thread 0x00000000187f6800 Exception <a 'java/lang/NoSuchMethodError': java.lang.Object.lambda$comparing$ea9a8b3a$1(Ljava/util/Comparator;Ljava/util/function/Function;Ljava/lang/Object;Ljava/lang/Object;)I> (0x00000000e41837a8) thrown at [D:\src\AOSP-openjdk-cygwin\jdk8u\hotspot\sr

Events (10 events):
Event: 33.058 loading class org/gradle/api/tasks/TaskProvider
Event: 33.058 loading class org/gradle/api/tasks/TaskProvider done
Event: 33.058 loading class org/gradle/api/tasks/TaskProvider
Event: 33.058 loading class org/gradle/api/tasks/TaskProvider done
Event: 33.059 loading class org/gradle/api/Task
Event: 33.059 loading class org/gradle/api/Task done
Event: 33.059 loading class org/gradle/api/Action
Event: 33.059 loading class org/gradle/api/Action done
Event: 33.061 loading class org/gradle/internal/Actions$FilteredAction
Event: 33.061 loading class org/gradle/internal/Actions$FilteredAction done


Dynamic libraries:
0x00007ff6b9f60000 - 0x00007ff6b9f91000 	C:\Program Files\Android\Android Studio\jre\bin\java.exe
0x00007ffa523b0000 - 0x00007ffa52580000 	C:\Windows\SYSTEM32\ntdll.dll
0x00007ffa50c10000 - 0x00007ffa50cbc000 	C:\Windows\System32\KERNEL32.DLL
0x00007ffa4f670000 - 0x00007ffa4f88d000 	C:\Windows\System32\KERNELBASE.dll
0x00007ffa50280000 - 0x00007ffa50322000 	C:\Windows\System32\ADVAPI32.dll
0x00007ffa4f940000 - 0x00007ffa4f9de000 	C:\Windows\System32\msvcrt.dll
0x00007ffa4fe70000 - 0x00007ffa4fec9000 	C:\Windows\System32\sechost.dll
0x00007ffa507d0000 - 0x00007ffa508f1000 	C:\Windows\System32\RPCRT4.dll
0x00007ffa50aa0000 - 0x00007ffa50c05000 	C:\Windows\System32\USER32.dll
0x00007ffa4e8a0000 - 0x00007ffa4e8be000 	C:\Windows\System32\win32u.dll
0x00007ffa50340000 - 0x00007ffa50374000 	C:\Windows\System32\GDI32.dll
0x00007ffa4f4e0000 - 0x00007ffa4f661000 	C:\Windows\System32\gdi32full.dll
0x00007ffa49070000 - 0x00007ffa492ea000 	C:\Windows\WinSxS\amd64_microsoft.windows.common-controls_6595b64144ccf1df_6.0.14393.2608_none_7ddacc7e8347078e\COMCTL32.dll
0x00007ffa4ffb0000 - 0x00007ffa50275000 	C:\Windows\System32\combase.dll
0x00007ffa4e8c0000 - 0x00007ffa4e9b4000 	C:\Windows\System32\ucrtbase.dll
0x00007ffa4f410000 - 0x00007ffa4f47a000 	C:\Windows\System32\bcryptPrimitives.dll
0x00007ffa50510000 - 0x00007ffa5053e000 	C:\Windows\System32\IMM32.DLL
0x00007ffa4e720000 - 0x00007ffa4e750000 	C:\Windows\system32\DriverStore\FileRepository\nvacwu.inf_amd64_bdd6ea477d4e2fba\nvinitx.dll
0x00007ffa4e710000 - 0x00007ffa4e71a000 	C:\Windows\SYSTEM32\VERSION.dll
0x000000005e680000 - 0x000000005e752000 	C:\Program Files\Android\Android Studio\jre\jre\bin\msvcr100.dll
0x000000005d340000 - 0x000000005db81000 	C:\Program Files\Android\Android Studio\jre\jre\bin\server\jvm.dll
0x00007ffa50330000 - 0x00007ffa50338000 	C:\Windows\System32\PSAPI.DLL
0x00007ffa48f90000 - 0x00007ffa48f99000 	C:\Windows\SYSTEM32\WSOCK32.dll
0x00007ffa4c7f0000 - 0x00007ffa4c813000 	C:\Windows\SYSTEM32\WINMM.dll
0x00007ffa4fed0000 - 0x00007ffa4ff3a000 	C:\Windows\System32\WS2_32.dll
0x00007ffa4c790000 - 0x00007ffa4c7bb000 	C:\Windows\SYSTEM32\WINMMBASE.dll
0x00007ffa4e9c0000 - 0x00007ffa4ea02000 	C:\Windows\System32\cfgmgr32.dll
0x00007ffa48f80000 - 0x00007ffa48f8f000 	C:\Program Files\Android\Android Studio\jre\jre\bin\verify.dll
0x00007ffa44e50000 - 0x00007ffa44e79000 	C:\Program Files\Android\Android Studio\jre\jre\bin\java.dll
0x00007ffa48360000 - 0x00007ffa48376000 	C:\Program Files\Android\Android Studio\jre\jre\bin\zip.dll
0x00007ffa50ea0000 - 0x00007ffa523a5000 	C:\Windows\System32\SHELL32.dll
0x00007ffa4eab0000 - 0x00007ffa4f189000 	C:\Windows\System32\windows.storage.dll
0x00007ffa4e810000 - 0x00007ffa4e85c000 	C:\Windows\System32\powrprof.dll
0x00007ffa4f9e0000 - 0x00007ffa4fa32000 	C:\Windows\System32\shlwapi.dll
0x00007ffa4e860000 - 0x00007ffa4e86f000 	C:\Windows\System32\kernel.appcore.dll
0x00007ffa4f890000 - 0x00007ffa4f939000 	C:\Windows\System32\shcore.dll
0x00007ffa4e870000 - 0x00007ffa4e884000 	C:\Windows\System32\profapi.dll
0x00007ffa47cf0000 - 0x00007ffa47d0a000 	C:\Program Files\Android\Android Studio\jre\jre\bin\net.dll
0x00007ffa4e0a0000 - 0x00007ffa4e0fc000 	C:\Windows\system32\mswsock.dll
0x00007ffa472a0000 - 0x00007ffa472b1000 	C:\Program Files\Android\Android Studio\jre\jre\bin\nio.dll
0x00007ffa46cb0000 - 0x00007ffa46cce000 	C:\Users\Admin\.gradle\native\25\windows-amd64\native-platform.dll
0x00007ffa4c8d0000 - 0x00007ffa4c8dd000 	C:\Program Files\Android\Android Studio\jre\jre\bin\management.dll
0x00007ffa4e240000 - 0x00007ffa4e257000 	C:\Windows\SYSTEM32\CRYPTSP.dll
0x00007ffa4dca0000 - 0x00007ffa4dcd3000 	C:\Windows\system32\rsaenh.dll
0x00007ffa4e750000 - 0x00007ffa4e77b000 	C:\Windows\SYSTEM32\bcrypt.dll
0x00007ffa4df20000 - 0x00007ffa4df3f000 	C:\Windows\SYSTEM32\USERENV.dll
0x00007ffa4e260000 - 0x00007ffa4e26b000 	C:\Windows\SYSTEM32\CRYPTBASE.dll
0x00007ffa4de20000 - 0x00007ffa4de58000 	C:\Windows\SYSTEM32\IPHLPAPI.DLL
0x00007ffa4ffa0000 - 0x00007ffa4ffa8000 	C:\Windows\System32\NSI.dll
0x00007ffa48a80000 - 0x00007ffa48a96000 	C:\Windows\SYSTEM32\dhcpcsvc6.DLL
0x00007ffa48b30000 - 0x00007ffa48b4a000 	C:\Windows\SYSTEM32\dhcpcsvc.DLL

VM Arguments:
jvm_args: -Xmx1536m -Dfile.encoding=windows-1251 -Duser.country=RU -Duser.language=ru -Duser.variant 
java_command: org.gradle.launcher.daemon.bootstrap.GradleDaemon 5.1.1
java_class_path (initial): C:\Users\Admin\.gradle\wrapper\dists\gradle-5.1.1-all\97z1ksx6lirer3kbvdnh7jtjg\gradle-5.1.1\lib\gradle-launcher-5.1.1.jar
Launcher Type: SUN_STANDARD

Environment Variables:
PATH=C:\Program Files (x86)\NVIDIA Corporation\PhysX\Common;C:\Windows\system32;C:\Windows;C:\Windows\System32\Wbem;C:\Windows\System32\WindowsPowerShell\v1.0\;C:\Users\Admin\AppData\Local\Programs\Python\Python36\Scripts\;C:\Users\Admin\AppData\Local\Programs\Python\Python36\;C:\Users\Admin\AppData\Local\Microsoft\WindowsApps;C:\Users\Admin\AppData\Local\GitHubDesktop\bin;C:\Program Files\JetBrains\PyCharm 2018.3.3\bin;
USERNAME=Admin
OS=Windows_NT
PROCESSOR_IDENTIFIER=Intel64 Family 6 Model 42 Stepping 7, GenuineIntel



---------------  S Y S T E M  ---------------

OS: Windows 10.0 , 64 bit Build 14393 (10.0.14393.2608)

CPU:total 4 (initial active 4) (2 cores per cpu, 2 threads per core) family 6 model 42 stepping 7, cmov, cx8, fxsr, mmx, sse, sse2, sse3, ssse3, sse4.1, sse4.2, popcnt, avx, aes, clmul, ht, tsc, tscinvbit

Memory: 4k page, physical 6139756k(423056k free), swap 10961720k(6076k free)

vm_info: OpenJDK 64-Bit Server VM (25.152-b01) for windows-amd64 JRE (1.8.0_152-release-1343-b01), built by "builder" with MS VC++ 10.0 (VS2010)

time: Tue Aug 13 18:58:06 2019
elapsed time: 33 seconds (0d 0h 0m 33s)

