#
# There is insufficient memory for the Java Runtime Environment to continue.
# Native memory allocation (malloc) failed to allocate 1747696 bytes for Chunk::new
# Possible reasons:
#   The system is out of physical RAM or swap space
#   In 32 bit mode, the process size limit was hit
# Possible solutions:
#   Reduce memory load on the system
#   Increase physical memory or swap space
#   Check if swap backing store is full
#   Use 64 bit Java on a 64 bit OS
#   Decrease Java heap size (-Xmx/-Xms)
#   Decrease number of Java threads
#   Decrease Java thread stack sizes (-Xss)
#   Set larger code cache with -XX:ReservedCodeCacheSize=
# This output file may be truncated or incomplete.
#
#  Out of Memory Error (allocation.cpp:390), pid=6360, tid=0x0000000000000c34
#
# JRE version: OpenJDK Runtime Environment (8.0_152-b01) (build 1.8.0_152-release-1343-b01)
# Java VM: OpenJDK 64-Bit Server VM (25.152-b01 mixed mode windows-amd64 compressed oops)
# Failed to write core dump. Minidumps are not enabled by default on client versions of Windows
#

---------------  T H R E A D  ---------------

Current thread (0x0000000016679800):  JavaThread "C2 CompilerThread0" daemon [_thread_in_native, id=3124, stack(0x0000000017cd0000,0x0000000017dd0000)]

Stack: [0x0000000017cd0000,0x0000000017dd0000]
[error occurred during error reporting (printing stack bounds), id 0xc0000005]

Native frames: (J=compiled Java code, j=interpreted, Vv=VM code, C=native code)


Current CompileTask:
C2:  14687 3911   !   4       com.sun.beans.TypeResolver::resolve (274 bytes)


---------------  P R O C E S S  ---------------

Java Threads: ( => current thread )
  0x000000001c477800 JavaThread "Cache worker for Build Output Cleanup Cache (D:\pd\.gradle\buildOutputCleanup)" [_thread_blocked, id=3216, stack(0x00000000226d0000,0x00000000227d0000)]
  0x000000001c475000 JavaThread "Build operations Thread 4" [_thread_blocked, id=3240, stack(0x00000000223d0000,0x00000000224d0000)]
  0x000000001c473800 JavaThread "Build operations Thread 3" [_thread_blocked, id=5172, stack(0x00000000222d0000,0x00000000223d0000)]
  0x000000001c479800 JavaThread "Build operations Thread 2" [_thread_blocked, id=568, stack(0x00000000221d0000,0x00000000222d0000)]
  0x000000001c479000 JavaThread "Build operations" [_thread_blocked, id=9712, stack(0x00000000220d0000,0x00000000221d0000)]
  0x0000000019898000 JavaThread "Cache worker for execution history cache (C:\Users\Admin\.gradle\caches\5.1.1\executionHistory)" [_thread_blocked, id=9448, stack(0x00000000205e0000,0x00000000206e0000)]
  0x0000000019899800 JavaThread "Cache worker for cache directory md-rule (C:\Users\Admin\.gradle\caches\5.1.1\md-rule)" [_thread_blocked, id=7208, stack(0x000000001ee30000,0x000000001ef30000)]
  0x0000000019897800 JavaThread "Cache worker for cache directory md-supplier (C:\Users\Admin\.gradle\caches\5.1.1\md-supplier)" [_thread_blocked, id=3104, stack(0x000000001ea50000,0x000000001eb50000)]
  0x0000000019895000 JavaThread "Cache worker for file hash cache (D:\pd\.gradle\5.1.1\fileHashes)" [_thread_blocked, id=6852, stack(0x000000001d680000,0x000000001d780000)]
  0x000000001989b000 JavaThread "Cache worker for journal cache (C:\Users\Admin\.gradle\caches\journal-1)" [_thread_blocked, id=6988, stack(0x000000001b3e0000,0x000000001b4e0000)]
  0x000000001989a800 JavaThread "File lock request listener" [_thread_in_native, id=3204, stack(0x000000001b2e0000,0x000000001b3e0000)]
  0x00000000197ef000 JavaThread "Cache worker for file hash cache (C:\Users\Admin\.gradle\caches\5.1.1\fileHashes)" [_thread_blocked, id=8972, stack(0x000000001b1e0000,0x000000001b2e0000)]
  0x00000000197d3800 JavaThread "Thread-8" [_thread_blocked, id=7580, stack(0x000000001b0e0000,0x000000001b1e0000)]
  0x00000000197f7800 JavaThread "Stdin handler" [_thread_blocked, id=6976, stack(0x000000001afe0000,0x000000001b0e0000)]
  0x0000000019767800 JavaThread "Asynchronous log dispatcher for DefaultDaemonConnection: socket connection from /127.0.0.1:54811 to /127.0.0.1:54812" [_thread_blocked, id=11108, stack(0x000000001aee0000,0x000000001afe0000)]
  0x00000000197f4800 JavaThread "Daemon worker" [_thread_in_Java, id=5908, stack(0x000000001ade0000,0x000000001aee0000)]
  0x00000000197d8800 JavaThread "Cancel handler" [_thread_blocked, id=9212, stack(0x000000001ace0000,0x000000001ade0000)]
  0x000000001909a800 JavaThread "Handler for socket connection from /127.0.0.1:54811 to /127.0.0.1:54812" [_thread_in_native, id=10064, stack(0x000000001a9e0000,0x000000001aae0000)]
  0x000000001909c800 JavaThread "Daemon" [_thread_blocked, id=3912, stack(0x000000001a8e0000,0x000000001a9e0000)]
  0x00000000193d8800 JavaThread "Daemon periodic checks" [_thread_blocked, id=3060, stack(0x000000001a7e0000,0x000000001a8e0000)]
  0x000000001932c800 JavaThread "Incoming local TCP Connector on port 54811" [_thread_in_native, id=4680, stack(0x000000001a2e0000,0x000000001a3e0000)]
  0x0000000017ff8800 JavaThread "Service Thread" daemon [_thread_blocked, id=7272, stack(0x00000000183d0000,0x00000000184d0000)]
  0x0000000016680800 JavaThread "C1 CompilerThread2" daemon [_thread_in_native, id=5296, stack(0x0000000017ed0000,0x0000000017fd0000)]
  0x000000001667d800 JavaThread "C2 CompilerThread1" daemon [_thread_blocked, id=3024, stack(0x0000000017dd0000,0x0000000017ed0000)]
=>0x0000000016679800 JavaThread "C2 CompilerThread0" daemon [_thread_in_native, id=3124, stack(0x0000000017cd0000,0x0000000017dd0000)]
  0x0000000016678000 JavaThread "Attach Listener" daemon [_thread_blocked, id=5680, stack(0x0000000017bd0000,0x0000000017cd0000)]
  0x0000000016686000 JavaThread "Signal Dispatcher" daemon [_thread_blocked, id=5188, stack(0x0000000017ad0000,0x0000000017bd0000)]
  0x0000000002d0b800 JavaThread "Finalizer" daemon [_thread_blocked, id=9468, stack(0x00000000178e0000,0x00000000179e0000)]
  0x0000000002d00800 JavaThread "Reference Handler" daemon [_thread_blocked, id=7812, stack(0x00000000177e0000,0x00000000178e0000)]
  0x0000000002c0d800 JavaThread "main" [_thread_blocked, id=6420, stack(0x0000000002a30000,0x0000000002b30000)]

Other Threads:
  0x0000000016647800 VMThread [stack: 0x00000000176e0000,0x00000000177e0000] [id=5852]
  0x0000000016698000 WatcherThread [stack: 0x00000000184d0000,0x00000000185d0000] [id=1500]

VM state:not at safepoint (normal execution)

VM Mutex/Monitor currently owned by a thread: None

Heap:
 PSYoungGen      total 122368K, used 31951K [0x00000000e0000000, 0x00000000e9600000, 0x0000000100000000)
  eden space 111616K, 19% used [0x00000000e0000000,0x00000000e14bb700,0x00000000e6d00000)
  from space 10752K, 99% used [0x00000000e6d00000,0x00000000e7778538,0x00000000e7780000)
  to   space 10240K, 0% used [0x00000000e7780000,0x00000000e7780000,0x00000000e8180000)
 ParOldGen       total 70144K, used 21228K [0x00000000a0000000, 0x00000000a4480000, 0x00000000e0000000)
  object space 70144K, 30% used [0x00000000a0000000,0x00000000a14bb098,0x00000000a4480000)
 Metaspace       used 46829K, capacity 47844K, committed 48168K, reserved 1091584K
  class space    used 6354K, capacity 6690K, committed 6696K, reserved 1048576K

Card table byte_map: [0x00000000120d0000,0x00000000123e0000] byte_map_base: 0x0000000011bd0000

Marking Bits: (ParMarkBitMap*) 0x000000005db05aa0
 Begin Bits: [0x00000000129e0000, 0x00000000141e0000)
 End Bits:   [0x00000000141e0000, 0x00000000159e0000)

Polling page: 0x0000000000db0000

CodeCache: size=245760Kb used=13832Kb max_used=13832Kb free=231927Kb
 bounds [0x0000000002d10000, 0x0000000003aa0000, 0x0000000011d10000]
 total_blobs=4534 nmethods=3776 adapters=670
 compilation: enabled

Compilation events (10 events):
Event: 14.667 Thread 0x0000000016680800 3970       3       sun.reflect.generics.parser.SignatureParser::parseClassTypeSignature (118 bytes)
Event: 14.670 Thread 0x0000000016680800 nmethod 3970 0x0000000003a93390 code [0x0000000003a93720, 0x0000000003a95208]
Event: 14.670 Thread 0x0000000016680800 3969       3       sun.reflect.generics.parser.SignatureParser::parseClassTypeSignatureSuffix (29 bytes)
Event: 14.670 Thread 0x0000000016680800 nmethod 3969 0x0000000003a90b10 code [0x0000000003a90cc0, 0x0000000003a91038]
Event: 14.677 Thread 0x0000000016680800 3971       1       com.sun.xml.bind.v2.model.impl.TypeInfoImpl::nav (8 bytes)
Event: 14.678 Thread 0x0000000016680800 nmethod 3971 0x0000000003a73190 code [0x0000000003a732e0, 0x0000000003a733f0]
Event: 14.678 Thread 0x0000000016680800 3972   !   3       com.sun.xml.bind.v2.model.annotation.LocatableAnnotation::create (108 bytes)
Event: 14.680 Thread 0x0000000016680800 nmethod 3972 0x0000000003a96150 code [0x0000000003a96440, 0x0000000003a97d08]
Event: 14.682 Thread 0x0000000016680800 3973       3       java.lang.Package::hashCode (8 bytes)
Event: 14.683 Thread 0x0000000016680800 nmethod 3973 0x0000000003a90690 code [0x0000000003a90800, 0x0000000003a90a08]

GC Heap History (10 events):
Event: 7.420 GC heap before
{Heap before GC invocations=9 (full 1):
 PSYoungGen      total 56832K, used 48640K [0x00000000e0000000, 0x00000000e7000000, 0x0000000100000000)
  eden space 48640K, 100% used [0x00000000e0000000,0x00000000e2f80000,0x00000000e2f80000)
  from space 8192K, 0% used [0x00000000e2f80000,0x00000000e2f80000,0x00000000e3780000)
  to   space 8704K, 0% used [0x00000000e6780000,0x00000000e6780000,0x00000000e7000000)
 ParOldGen       total 45568K, used 9112K [0x00000000a0000000, 0x00000000a2c80000, 0x00000000e0000000)
  object space 45568K, 19% used [0x00000000a0000000,0x00000000a08e6298,0x00000000a2c80000)
 Metaspace       used 26679K, capacity 27152K, committed 27392K, reserved 1073152K
  class space    used 3603K, capacity 3774K, committed 3840K, reserved 1048576K
Event: 7.434 GC heap after
Heap after GC invocations=9 (full 1):
 PSYoungGen      total 87040K, used 5681K [0x00000000e0000000, 0x00000000e6d80000, 0x0000000100000000)
  eden space 80896K, 0% used [0x00000000e0000000,0x00000000e0000000,0x00000000e4f00000)
  from space 6144K, 92% used [0x00000000e6780000,0x00000000e6d0c6e8,0x00000000e6d80000)
  to   space 8192K, 0% used [0x00000000e5d80000,0x00000000e5d80000,0x00000000e6580000)
 ParOldGen       total 45568K, used 9120K [0x00000000a0000000, 0x00000000a2c80000, 0x00000000e0000000)
  object space 45568K, 20% used [0x00000000a0000000,0x00000000a08e8298,0x00000000a2c80000)
 Metaspace       used 26679K, capacity 27152K, committed 27392K, reserved 1073152K
  class space    used 3603K, capacity 3774K, committed 3840K, reserved 1048576K
}
Event: 9.409 GC heap before
{Heap before GC invocations=10 (full 1):
 PSYoungGen      total 87040K, used 86577K [0x00000000e0000000, 0x00000000e6d80000, 0x0000000100000000)
  eden space 80896K, 100% used [0x00000000e0000000,0x00000000e4f00000,0x00000000e4f00000)
  from space 6144K, 92% used [0x00000000e6780000,0x00000000e6d0c6e8,0x00000000e6d80000)
  to   space 8192K, 0% used [0x00000000e5d80000,0x00000000e5d80000,0x00000000e6580000)
 ParOldGen       total 45568K, used 9120K [0x00000000a0000000, 0x00000000a2c80000, 0x00000000e0000000)
  object space 45568K, 20% used [0x00000000a0000000,0x00000000a08e8298,0x00000000a2c80000)
 Metaspace       used 32354K, capacity 32940K, committed 33152K, reserved 1077248K
  class space    used 4456K, capacity 4646K, committed 4736K, reserved 1048576K
Event: 9.433 GC heap after
Heap after GC invocations=10 (full 1):
 PSYoungGen      total 103936K, used 8164K [0x00000000e0000000, 0x00000000e8180000, 0x0000000100000000)
  eden space 95744K, 0% used [0x00000000e0000000,0x00000000e0000000,0x00000000e5d80000)
  from space 8192K, 99% used [0x00000000e5d80000,0x00000000e65793f0,0x00000000e6580000)
  to   space 10240K, 0% used [0x00000000e7780000,0x00000000e7780000,0x00000000e8180000)
 ParOldGen       total 45568K, used 11740K [0x00000000a0000000, 0x00000000a2c80000, 0x00000000e0000000)
  object space 45568K, 25% used [0x00000000a0000000,0x00000000a0b77200,0x00000000a2c80000)
 Metaspace       used 32354K, capacity 32940K, committed 33152K, reserved 1077248K
  class space    used 4456K, capacity 4646K, committed 4736K, reserved 1048576K
}
Event: 11.091 GC heap before
{Heap before GC invocations=11 (full 1):
 PSYoungGen      total 103936K, used 59253K [0x00000000e0000000, 0x00000000e8180000, 0x0000000100000000)
  eden space 95744K, 53% used [0x00000000e0000000,0x00000000e31e42c0,0x00000000e5d80000)
  from space 8192K, 99% used [0x00000000e5d80000,0x00000000e65793f0,0x00000000e6580000)
  to   space 10240K, 0% used [0x00000000e7780000,0x00000000e7780000,0x00000000e8180000)
 ParOldGen       total 45568K, used 11740K [0x00000000a0000000, 0x00000000a2c80000, 0x00000000e0000000)
  object space 45568K, 25% used [0x00000000a0000000,0x00000000a0b77200,0x00000000a2c80000)
 Metaspace       used 34662K, capacity 35396K, committed 35496K, reserved 1079296K
  class space    used 4778K, capacity 5002K, committed 5032K, reserved 1048576K
Event: 11.111 GC heap after
Heap after GC invocations=11 (full 1):
 PSYoungGen      total 121856K, used 7711K [0x00000000e0000000, 0x00000000e9600000, 0x0000000100000000)
  eden space 111616K, 0% used [0x00000000e0000000,0x00000000e0000000,0x00000000e6d00000)
  from space 10240K, 75% used [0x00000000e7780000,0x00000000e7f07de8,0x00000000e8180000)
  to   space 10752K, 0% used [0x00000000e6d00000,0x00000000e6d00000,0x00000000e7780000)
 ParOldGen       total 45568K, used 14321K [0x00000000a0000000, 0x00000000a2c80000, 0x00000000e0000000)
  object space 45568K, 31% used [0x00000000a0000000,0x00000000a0dfc668,0x00000000a2c80000)
 Metaspace       used 34662K, capacity 35396K, committed 35496K, reserved 1079296K
  class space    used 4778K, capacity 5002K, committed 5032K, reserved 1048576K
}
Event: 11.111 GC heap before
{Heap before GC invocations=12 (full 2):
 PSYoungGen      total 121856K, used 7711K [0x00000000e0000000, 0x00000000e9600000, 0x0000000100000000)
  eden space 111616K, 0% used [0x00000000e0000000,0x00000000e0000000,0x00000000e6d00000)
  from space 10240K, 75% used [0x00000000e7780000,0x00000000e7f07de8,0x00000000e8180000)
  to   space 10752K, 0% used [0x00000000e6d00000,0x00000000e6d00000,0x00000000e7780000)
 ParOldGen       total 45568K, used 14321K [0x00000000a0000000, 0x00000000a2c80000, 0x00000000e0000000)
  object space 45568K, 31% used [0x00000000a0000000,0x00000000a0dfc668,0x00000000a2c80000)
 Metaspace       used 34662K, capacity 35396K, committed 35496K, reserved 1079296K
  class space    used 4778K, capacity 5002K, committed 5032K, reserved 1048576K
Event: 11.201 GC heap after
Heap after GC invocations=12 (full 2):
 PSYoungGen      total 121856K, used 0K [0x00000000e0000000, 0x00000000e9600000, 0x0000000100000000)
  eden space 111616K, 0% used [0x00000000e0000000,0x00000000e0000000,0x00000000e6d00000)
  from space 10240K, 0% used [0x00000000e7780000,0x00000000e7780000,0x00000000e8180000)
  to   space 10752K, 0% used [0x00000000e6d00000,0x00000000e6d00000,0x00000000e7780000)
 ParOldGen       total 70144K, used 17053K [0x00000000a0000000, 0x00000000a4480000, 0x00000000e0000000)
  object space 70144K, 24% used [0x00000000a0000000,0x00000000a10a75c8,0x00000000a4480000)
 Metaspace       used 34662K, capacity 35396K, committed 35496K, reserved 1079296K
  class space    used 4778K, capacity 5002K, committed 5032K, reserved 1048576K
}
Event: 14.192 GC heap before
{Heap before GC invocations=13 (full 2):
 PSYoungGen      total 121856K, used 111616K [0x00000000e0000000, 0x00000000e9600000, 0x0000000100000000)
  eden space 111616K, 100% used [0x00000000e0000000,0x00000000e6d00000,0x00000000e6d00000)
  from space 10240K, 0% used [0x00000000e7780000,0x00000000e7780000,0x00000000e8180000)
  to   space 10752K, 0% used [0x00000000e6d00000,0x00000000e6d00000,0x00000000e7780000)
 ParOldGen       total 70144K, used 17053K [0x00000000a0000000, 0x00000000a4480000, 0x00000000e0000000)
  object space 70144K, 24% used [0x00000000a0000000,0x00000000a10a75c8,0x00000000a4480000)
 Metaspace       used 44914K, capacity 45908K, committed 46120K, reserved 1089536K
  class space    used 6046K, capacity 6328K, committed 6440K, reserved 1048576K
Event: 14.232 GC heap after
Heap after GC invocations=13 (full 2):
 PSYoungGen      total 122368K, used 10721K [0x00000000e0000000, 0x00000000e9600000, 0x0000000100000000)
  eden space 111616K, 0% used [0x00000000e0000000,0x00000000e0000000,0x00000000e6d00000)
  from space 10752K, 99% used [0x00000000e6d00000,0x00000000e7778538,0x00000000e7780000)
  to   space 10240K, 0% used [0x00000000e7780000,0x00000000e7780000,0x00000000e8180000)
 ParOldGen       total 70144K, used 21228K [0x00000000a0000000, 0x00000000a4480000, 0x00000000e0000000)
  object space 70144K, 30% used [0x00000000a0000000,0x00000000a14bb098,0x00000000a4480000)
 Metaspace       used 44914K, capacity 45908K, committed 46120K, reserved 1089536K
  class space    used 6046K, capacity 6328K, committed 6440K, reserved 1048576K
}

Deoptimization events (10 events):
Event: 11.359 Thread 0x00000000197f4800 Uncommon trap: reason=predicate action=maybe_recompile pc=0x0000000002e2e668 method=java.util.Arrays.binarySearch0([Ljava/lang/Object;IILjava/lang/Object;Ljava/util/Comparator;)I @ 28
Event: 12.215 Thread 0x00000000197f4800 Uncommon trap: reason=unstable_if action=reinterpret pc=0x0000000003790f90 method=java.lang.ThreadLocal.get()Ljava/lang/Object; @ 11
Event: 12.235 Thread 0x00000000197f4800 Uncommon trap: reason=unstable_if action=reinterpret pc=0x00000000037ca35c method=java.util.HashMap.putVal(ILjava/lang/Object;Ljava/lang/Object;ZZ)Ljava/lang/Object; @ 236
Event: 12.264 Thread 0x00000000197f4800 Uncommon trap: reason=unstable_if action=reinterpret pc=0x00000000031e6c3c method=java.lang.CharacterDataLatin1.isWhitespace(I)Z @ 14
Event: 12.343 Thread 0x00000000197f4800 Uncommon trap: reason=unstable_if action=reinterpret pc=0x0000000002fdbc70 method=java.util.jar.JarFile.getInputStream(Ljava/util/zip/ZipEntry;)Ljava/io/InputStream; @ 37
Event: 12.351 Thread 0x00000000197f4800 Uncommon trap: reason=unstable_if action=reinterpret pc=0x00000000033128ac method=java.security.CodeSource.getCertificates()[Ljava/security/cert/Certificate; @ 22
Event: 12.352 Thread 0x00000000197f4800 Uncommon trap: reason=unstable_if action=reinterpret pc=0x0000000003830934 method=java.security.CodeSource.matchCerts(Ljava/security/CodeSource;Z)Z @ 11
Event: 12.403 Thread 0x00000000197f4800 Uncommon trap: reason=unstable_if action=reinterpret pc=0x0000000003858d10 method=java.util.LinkedHashMap.get(Ljava/lang/Object;)Ljava/lang/Object; @ 20
Event: 12.533 Thread 0x00000000197f4800 Uncommon trap: reason=unstable_if action=reinterpret pc=0x0000000003674164 method=org.objectweb.asm.ByteVector.putUTF8(Ljava/lang/String;)Lorg/objectweb/asm/ByteVector; @ 93
Event: 12.745 Thread 0x00000000197f4800 Uncommon trap: reason=unstable_if action=reinterpret pc=0x0000000003525af0 method=org.objectweb.asm.ByteVector.putUTF8(Ljava/lang/String;)Lorg/objectweb/asm/ByteVector; @ 93

Classes redefined (0 events):
No events

Internal exceptions (10 events):
Event: 14.353 Thread 0x00000000197f4800 Exception <a 'sun/nio/fs/WindowsException'> (0x00000000e061e110) thrown at [D:\src\AOSP-openjdk-cygwin\jdk8u\hotspot\src\share\vm\prims\jni.cpp, line 709]
Event: 14.353 Thread 0x00000000197f4800 Exception <a 'sun/nio/fs/WindowsException'> (0x00000000e061ec88) thrown at [D:\src\AOSP-openjdk-cygwin\jdk8u\hotspot\src\share\vm\prims\jni.cpp, line 709]
Event: 14.353 Thread 0x00000000197f4800 Exception <a 'sun/nio/fs/WindowsException'> (0x00000000e0620ca0) thrown at [D:\src\AOSP-openjdk-cygwin\jdk8u\hotspot\src\share\vm\prims\jni.cpp, line 709]
Event: 14.353 Thread 0x00000000197f4800 Exception <a 'sun/nio/fs/WindowsException'> (0x00000000e06218e0) thrown at [D:\src\AOSP-openjdk-cygwin\jdk8u\hotspot\src\share\vm\prims\jni.cpp, line 709]
Event: 14.357 Thread 0x00000000197f4800 Exception <a 'sun/nio/fs/WindowsException'> (0x00000000e0626a40) thrown at [D:\src\AOSP-openjdk-cygwin\jdk8u\hotspot\src\share\vm\prims\jni.cpp, line 709]
Event: 14.358 Thread 0x00000000197f4800 Exception <a 'sun/nio/fs/WindowsException'> (0x00000000e06275a8) thrown at [D:\src\AOSP-openjdk-cygwin\jdk8u\hotspot\src\share\vm\prims\jni.cpp, line 709]
Event: 14.358 Thread 0x00000000197f4800 Exception <a 'sun/nio/fs/WindowsException'> (0x00000000e0629598) thrown at [D:\src\AOSP-openjdk-cygwin\jdk8u\hotspot\src\share\vm\prims\jni.cpp, line 709]
Event: 14.358 Thread 0x00000000197f4800 Exception <a 'sun/nio/fs/WindowsException'> (0x00000000e062a1c8) thrown at [D:\src\AOSP-openjdk-cygwin\jdk8u\hotspot\src\share\vm\prims\jni.cpp, line 709]
Event: 14.374 Thread 0x00000000197f4800 Exception <a 'java/lang/ClassNotFoundException': com/sun/org/glassfish/hk2/osgiresourcelocator/ServiceLoader> (0x00000000e0687f70) thrown at [D:\src\AOSP-openjdk-cygwin\jdk8u\hotspot\src\share\vm\classfile\systemDictionary.cpp, line 210]
Event: 14.475 Thread 0x00000000197f4800 Exception <a 'java/lang/NullPointerException'> (0x00000000e0b57000) thrown at [D:\src\AOSP-openjdk-cygwin\jdk8u\hotspot\src\share\vm\interpreter\linkResolver.cpp, line 1301]

Events (10 events):
Event: 14.674 loading class com/android/repository/impl/meta/package-info
Event: 14.674 loading class com/android/repository/impl/meta/package-info done
Event: 14.674 loading class java/lang/Package$1PackageInfoProxy
Event: 14.674 loading class java/lang/Package$1PackageInfoProxy done
Event: 14.676 loading class com/sun/xml/bind/v2/model/impl/GetterSetterPropertySeed
Event: 14.676 loading class com/sun/xml/bind/v2/model/impl/GetterSetterPropertySeed done
Event: 14.679 loading class com/sun/xml/bind/v2/model/nav/ReflectionNavigator$BinderArg
Event: 14.679 loading class com/sun/xml/bind/v2/model/nav/ReflectionNavigator$BinderArg done
Event: 14.680 loading class com/sun/xml/bind/v2/model/nav/ParameterizedTypeImpl
Event: 14.680 loading class com/sun/xml/bind/v2/model/nav/ParameterizedTypeImpl done


Dynamic libraries:
0x00007ff6b9f60000 - 0x00007ff6b9f91000 	C:\Program Files\Android\Android Studio\jre\bin\java.exe
0x00007ffa523b0000 - 0x00007ffa52580000 	C:\Windows\SYSTEM32\ntdll.dll
0x00007ffa50c10000 - 0x00007ffa50cbc000 	C:\Windows\System32\KERNEL32.DLL
0x00007ffa4f670000 - 0x00007ffa4f88d000 	C:\Windows\System32\KERNELBASE.dll
0x00007ffa50280000 - 0x00007ffa50322000 	C:\Windows\System32\ADVAPI32.dll
0x00007ffa4f940000 - 0x00007ffa4f9de000 	C:\Windows\System32\msvcrt.dll
0x00007ffa4fe70000 - 0x00007ffa4fec9000 	C:\Windows\System32\sechost.dll
0x00007ffa507d0000 - 0x00007ffa508f1000 	C:\Windows\System32\RPCRT4.dll
0x00007ffa50aa0000 - 0x00007ffa50c05000 	C:\Windows\System32\USER32.dll
0x00007ffa4e8a0000 - 0x00007ffa4e8be000 	C:\Windows\System32\win32u.dll
0x00007ffa50340000 - 0x00007ffa50374000 	C:\Windows\System32\GDI32.dll
0x00007ffa4f4e0000 - 0x00007ffa4f661000 	C:\Windows\System32\gdi32full.dll
0x00007ffa49070000 - 0x00007ffa492ea000 	C:\Windows\WinSxS\amd64_microsoft.windows.common-controls_6595b64144ccf1df_6.0.14393.2608_none_7ddacc7e8347078e\COMCTL32.dll
0x00007ffa4ffb0000 - 0x00007ffa50275000 	C:\Windows\System32\combase.dll
0x00007ffa4e8c0000 - 0x00007ffa4e9b4000 	C:\Windows\System32\ucrtbase.dll
0x00007ffa4f410000 - 0x00007ffa4f47a000 	C:\Windows\System32\bcryptPrimitives.dll
0x00007ffa50510000 - 0x00007ffa5053e000 	C:\Windows\System32\IMM32.DLL
0x00007ffa4e720000 - 0x00007ffa4e750000 	C:\Windows\system32\DriverStore\FileRepository\nvacwu.inf_amd64_bdd6ea477d4e2fba\nvinitx.dll
0x00007ffa4e710000 - 0x00007ffa4e71a000 	C:\Windows\SYSTEM32\VERSION.dll
0x000000005e680000 - 0x000000005e752000 	C:\Program Files\Android\Android Studio\jre\jre\bin\msvcr100.dll
0x000000005d340000 - 0x000000005db81000 	C:\Program Files\Android\Android Studio\jre\jre\bin\server\jvm.dll
0x00007ffa50330000 - 0x00007ffa50338000 	C:\Windows\System32\PSAPI.DLL
0x00007ffa48f90000 - 0x00007ffa48f99000 	C:\Windows\SYSTEM32\WSOCK32.dll
0x00007ffa4c7f0000 - 0x00007ffa4c813000 	C:\Windows\SYSTEM32\WINMM.dll
0x00007ffa4fed0000 - 0x00007ffa4ff3a000 	C:\Windows\System32\WS2_32.dll
0x00007ffa4c790000 - 0x00007ffa4c7bb000 	C:\Windows\SYSTEM32\WINMMBASE.dll
0x00007ffa4e9c0000 - 0x00007ffa4ea02000 	C:\Windows\System32\cfgmgr32.dll
0x00007ffa48f80000 - 0x00007ffa48f8f000 	C:\Program Files\Android\Android Studio\jre\jre\bin\verify.dll
0x00007ffa44e50000 - 0x00007ffa44e79000 	C:\Program Files\Android\Android Studio\jre\jre\bin\java.dll
0x00007ffa48360000 - 0x00007ffa48376000 	C:\Program Files\Android\Android Studio\jre\jre\bin\zip.dll
0x00007ffa50ea0000 - 0x00007ffa523a5000 	C:\Windows\System32\SHELL32.dll
0x00007ffa4eab0000 - 0x00007ffa4f189000 	C:\Windows\System32\windows.storage.dll
0x00007ffa4e810000 - 0x00007ffa4e85c000 	C:\Windows\System32\powrprof.dll
0x00007ffa4f9e0000 - 0x00007ffa4fa32000 	C:\Windows\System32\shlwapi.dll
0x00007ffa4e860000 - 0x00007ffa4e86f000 	C:\Windows\System32\kernel.appcore.dll
0x00007ffa4f890000 - 0x00007ffa4f939000 	C:\Windows\System32\shcore.dll
0x00007ffa4e870000 - 0x00007ffa4e884000 	C:\Windows\System32\profapi.dll
0x00007ffa47cf0000 - 0x00007ffa47d0a000 	C:\Program Files\Android\Android Studio\jre\jre\bin\net.dll
0x00007ffa4e0a0000 - 0x00007ffa4e0fc000 	C:\Windows\system32\mswsock.dll
0x00007ffa472a0000 - 0x00007ffa472b1000 	C:\Program Files\Android\Android Studio\jre\jre\bin\nio.dll
0x00007ffa46cb0000 - 0x00007ffa46cce000 	C:\Users\Admin\.gradle\native\25\windows-amd64\native-platform.dll
0x00007ffa4c8d0000 - 0x00007ffa4c8dd000 	C:\Program Files\Android\Android Studio\jre\jre\bin\management.dll
0x00007ffa4e240000 - 0x00007ffa4e257000 	C:\Windows\SYSTEM32\CRYPTSP.dll
0x00007ffa4dca0000 - 0x00007ffa4dcd3000 	C:\Windows\system32\rsaenh.dll
0x00007ffa4e750000 - 0x00007ffa4e77b000 	C:\Windows\SYSTEM32\bcrypt.dll
0x00007ffa4df20000 - 0x00007ffa4df3f000 	C:\Windows\SYSTEM32\USERENV.dll
0x00007ffa4e260000 - 0x00007ffa4e26b000 	C:\Windows\SYSTEM32\CRYPTBASE.dll
0x00007ffa4de20000 - 0x00007ffa4de58000 	C:\Windows\SYSTEM32\IPHLPAPI.DLL
0x00007ffa4ffa0000 - 0x00007ffa4ffa8000 	C:\Windows\System32\NSI.dll
0x00007ffa48a80000 - 0x00007ffa48a96000 	C:\Windows\SYSTEM32\dhcpcsvc6.DLL
0x00007ffa48b30000 - 0x00007ffa48b4a000 	C:\Windows\SYSTEM32\dhcpcsvc.DLL

VM Arguments:
jvm_args: -Xmx1536m -Dfile.encoding=windows-1251 -Duser.country=RU -Duser.language=ru -Duser.variant 
java_command: org.gradle.launcher.daemon.bootstrap.GradleDaemon 5.1.1
java_class_path (initial): C:\Users\Admin\.gradle\wrapper\dists\gradle-5.1.1-all\97z1ksx6lirer3kbvdnh7jtjg\gradle-5.1.1\lib\gradle-launcher-5.1.1.jar
Launcher Type: SUN_STANDARD

Environment Variables:
PATH=C:\Program Files (x86)\NVIDIA Corporation\PhysX\Common;C:\Windows\system32;C:\Windows;C:\Windows\System32\Wbem;C:\Windows\System32\WindowsPowerShell\v1.0\;C:\Users\Admin\AppData\Local\Programs\Python\Python36\Scripts\;C:\Users\Admin\AppData\Local\Programs\Python\Python36\;C:\Users\Admin\AppData\Local\Microsoft\WindowsApps;C:\Users\Admin\AppData\Local\GitHubDesktop\bin;C:\Program Files\JetBrains\PyCharm 2018.3.3\bin;
USERNAME=Admin
OS=Windows_NT
PROCESSOR_IDENTIFIER=Intel64 Family 6 Model 42 Stepping 7, GenuineIntel



---------------  S Y S T E M  ---------------

OS: Windows 10.0 , 64 bit Build 14393 (10.0.14393.2608)

CPU:total 4 (initial active 4) (2 cores per cpu, 2 threads per core) family 6 model 42 stepping 7, cmov, cx8, fxsr, mmx, sse, sse2, sse3, ssse3, sse4.1, sse4.2, popcnt, avx, aes, clmul, ht, tsc, tscinvbit

Memory: 4k page, physical 6139756k(987496k free), swap 10961720k(6624k free)

vm_info: OpenJDK 64-Bit Server VM (25.152-b01) for windows-amd64 JRE (1.8.0_152-release-1343-b01), built by "builder" with MS VC++ 10.0 (VS2010)

time: Tue Aug 13 19:03:48 2019
elapsed time: 14 seconds (0d 0h 0m 14s)

