#
# A fatal error has been detected by the Java Runtime Environment:
#
#  EXCEPTION_ACCESS_VIOLATION (0xc0000005) at pc=0x0000000003f2157f, pid=4320, tid=0x0000000000001940
#
# JRE version: OpenJDK Runtime Environment (8.0_152-b01) (build 1.8.0_152-release-1343-b01)
# Java VM: OpenJDK 64-Bit Server VM (25.152-b01 mixed mode windows-amd64 compressed oops)
# Problematic frame:
# J 14647 C1 com.android.build.gradle.internal.core.VariantConfiguration.getSortedSourceProviders()Ljava/util/List; (121 bytes) @ 0x0000000003f2157f [0x0000000003f20d20+0x85f]
#
# Failed to write core dump. Minidumps are not enabled by default on client versions of Windows
#
# If you would like to submit a bug report, please visit:
#   http://bugreport.java.com/bugreport/crash.jsp
#

---------------  T H R E A D  ---------------

Current thread (0x000000001d181000):  JavaThread "Daemon worker Thread 14" [_thread_in_Java, id=6464, stack(0x0000000042330000,0x0000000042430000)]

siginfo: ExceptionCode=0xc0000005, reading address 0x0000000021169b48

Registers:
RAX=0x00000000ffffffff, RBX=0x00000000209699a0, RCX=0x0000000000000028, RDX=0x00000000e9583628
RSP=0x000000004242b770, RBP=0x000000004242b8b0, RSI=0x00000000e9586ef0, RDI=0x00000000008001a8
R8 =0x00000000209699a0, R9 =0x0000000000031d03, R10=0x0000000100016f60, R11=0x0000000011700000
R12=0x0000000000000000, R13=0x000000004242b868, R14=0x0000000000000000, R15=0x000000001d181000
RIP=0x0000000003f2157f, EFLAGS=0x0000000000010286

Top of Stack: (sp=0x000000004242b770)
0x000000004242b770:   000000004242b910 0000000004042f2c
0x000000004242b780:   00000000e18c5358 00000000a17f97a0
0x000000004242b790:   00000000e18c5368 0000000000000001
0x000000004242b7a0:   000000001d181000 0000000000000003
0x000000004242b7b0:   000000004242b7b0 000000002226abd0
0x000000004242b7c0:   000000004242b800 0000000022600828
0x000000004242b7d0:   0000000000000000 000000002226abf0
0x000000004242b7e0:   0000000000000000 000000004242b800
0x000000004242b7f0:   000000004242b848 0000000002847870
0x000000004242b800:   00000000e9583628 0000000000000004
0x000000004242b810:   00000000e18c8748 00000000e9583768
0x000000004242b820:   0000000022609108 0000000000000000
0x000000004242b830:   00000000226061f0 0000000000000000
0x000000004242b840:   00000000a164eee8 00000000e9581f88
0x000000004242b850:   000000004242b8b0 0000000002847e20
0x000000004242b860:   0000000002847e20 00000000e9583628 

Instructions: (pc=0x0000000003f2157f)
0x0000000003f2155f:   96 20 00 00 00 00 48 bf a8 01 80 00 00 00 00 00
0x0000000003f2156f:   0f 8c 0a 00 00 00 48 bf b8 01 00 00 00 00 00 00
0x0000000003f2157f:   49 8b 1c 38 48 8d 5b 01 49 89 1c 38 0f 8c 13 05
0x0000000003f2158f:   00 00 8b 7a 38 48 3b 07 4c 8b c7 48 bb a0 99 96 


Register to memory mapping:

RAX=0x00000000ffffffff is an unallocated location in the heap
RBX=0x00000000209699a0 is pointing into metadata
RCX=0x0000000000000028 is an unknown value
RDX=0x00000000e9583628 is an oop
com.android.build.gradle.internal.core.GradleVariantConfiguration 
 - klass: 'com/android/build/gradle/internal/core/GradleVariantConfiguration'
RSP=0x000000004242b770 is pointing into the stack for thread: 0x000000001d181000
RBP=0x000000004242b8b0 is pointing into the stack for thread: 0x000000001d181000
RSI=0x00000000e9586ef0 is an oop
java.util.ArrayList 
 - klass: 'java/util/ArrayList'
RDI=0x00000000008001a8 is an unknown value
R8 =0x00000000209699a0 is pointing into metadata
R9 =0x0000000000031d03 is an unknown value
R10=0x0000000100016f60 is pointing into metadata
R11=0x0000000011700000 is an unknown value
R12=0x0000000000000000 is an unknown value
R13=0x000000004242b868 is pointing into the stack for thread: 0x000000001d181000
R14=0x0000000000000000 is an unknown value
R15=0x000000001d181000 is a thread


Stack: [0x0000000042330000,0x0000000042430000],  sp=0x000000004242b770,  free space=1005k
Native frames: (J=compiled Java code, j=interpreted, Vv=VM code, C=native code)
C  0x0000000003f2157f


---------------  P R O C E S S  ---------------

Java Threads: ( => current thread )
  0x000000001d186000 JavaThread "ForkJoinPool.commonPool-worker-3" daemon [_thread_blocked, id=7812, stack(0x0000000045030000,0x0000000045130000)]
  0x000000001d17f800 JavaThread "Exec process Thread 3" [_thread_blocked, id=5604, stack(0x0000000044f30000,0x0000000045030000)]
  0x000000001d17e800 JavaThread "Exec process Thread 2" [_thread_blocked, id=1096, stack(0x0000000044e30000,0x0000000044f30000)]
  0x000000001d17e000 JavaThread "Exec process" [_thread_blocked, id=7948, stack(0x0000000044d30000,0x0000000044e30000)]
  0x000000001d184800 JavaThread "Cache worker for execution history cache (D:\pd\.gradle\5.1.1\executionHistory)" [_thread_blocked, id=3860, stack(0x0000000044c30000,0x0000000044d30000)]
  0x000000001e274000 JavaThread "Cache worker for file content cache (D:\pd\.gradle\5.1.1\fileContent)" [_thread_blocked, id=9780, stack(0x0000000044830000,0x0000000044930000)]
  0x000000001e27a000 JavaThread "Cache worker for Build Output Cleanup Cache (D:\pd\.gradle\buildOutputCleanup)" [_thread_blocked, id=9108, stack(0x0000000044730000,0x0000000044830000)]
  0x000000001e276000 JavaThread "Build operations Thread 4" [_thread_blocked, id=2980, stack(0x0000000044630000,0x0000000044730000)]
  0x000000001e26b800 JavaThread "Build operations Thread 3" [_thread_blocked, id=1452, stack(0x0000000044530000,0x0000000044630000)]
  0x000000001e272800 JavaThread "Build operations Thread 2" [_thread_blocked, id=9236, stack(0x0000000044430000,0x0000000044530000)]
  0x000000001e26d000 JavaThread "Build operations" [_thread_blocked, id=2124, stack(0x0000000044330000,0x0000000044430000)]
  0x000000001e26b000 JavaThread "Cache worker for cache directory md-rule (C:\Users\Admin\.gradle\caches\5.1.1\md-rule)" [_thread_blocked, id=4576, stack(0x0000000044230000,0x0000000044330000)]
  0x000000001e270000 JavaThread "Cache worker for cache directory md-supplier (C:\Users\Admin\.gradle\caches\5.1.1\md-supplier)" [_thread_blocked, id=9680, stack(0x0000000044130000,0x0000000044230000)]
  0x000000001e26e000 JavaThread "Cache worker for file hash cache (D:\pd\.gradle\5.1.1\fileHashes)" [_thread_blocked, id=788, stack(0x0000000044030000,0x0000000044130000)]
  0x000000001e26f800 JavaThread "Thread-438" [_thread_blocked, id=8528, stack(0x0000000043f30000,0x0000000044030000)]
  0x000000001e26c800 JavaThread "Stdin handler" [_thread_blocked, id=4360, stack(0x0000000043e30000,0x0000000043f30000)]
  0x0000000019252000 JavaThread "Asynchronous log dispatcher for DefaultDaemonConnection: socket connection from /127.0.0.1:61214 to /127.0.0.1:61960" [_thread_blocked, id=9124, stack(0x0000000043d30000,0x0000000043e30000)]
  0x000000001924f800 JavaThread "Cancel handler" [_thread_blocked, id=3876, stack(0x0000000043c30000,0x0000000043d30000)]
  0x0000000019251000 JavaThread "Handler for socket connection from /127.0.0.1:61214 to /127.0.0.1:61960" [_thread_in_native, id=5804, stack(0x0000000043b30000,0x0000000043c30000)]
=>0x000000001d181000 JavaThread "Daemon worker Thread 14" [_thread_in_Java, id=6464, stack(0x0000000042330000,0x0000000042430000)]
  0x000000001d17d000 JavaThread "Daemon Thread 14" [_thread_blocked, id=6428, stack(0x0000000042030000,0x0000000042130000)]
  0x000000001e277800 JavaThread "Cache worker for file content cache (C:\Users\Admin\.gradle\caches\5.1.1\fileContent)" [_thread_blocked, id=912, stack(0x0000000025730000,0x0000000025830000)]
  0x000000001d182800 JavaThread "pool-2-thread-4" [_thread_blocked, id=7596, stack(0x0000000023f30000,0x0000000024030000)]
  0x000000001d189000 JavaThread "pool-2-thread-3" [_thread_blocked, id=7800, stack(0x0000000023e30000,0x0000000023f30000)]
  0x000000001d185800 JavaThread "pool-2-thread-2" [_thread_blocked, id=8252, stack(0x0000000023d30000,0x0000000023e30000)]
  0x000000001d184000 JavaThread "pool-2-thread-1" [_thread_blocked, id=4408, stack(0x0000000023c30000,0x0000000023d30000)]
  0x000000001d188800 JavaThread "Memory manager" [_thread_blocked, id=2492, stack(0x00000000235e0000,0x00000000236e0000)]
  0x000000001d17b800 JavaThread "Cache worker for execution history cache (C:\Users\Admin\.gradle\caches\5.1.1\executionHistory)" [_thread_blocked, id=8276, stack(0x00000000201f0000,0x00000000202f0000)]
  0x000000001924f000 JavaThread "Cache worker for journal cache (C:\Users\Admin\.gradle\caches\journal-1)" [_thread_blocked, id=9828, stack(0x000000001af40000,0x000000001b040000)]
  0x0000000019250800 JavaThread "File lock request listener" [_thread_in_native, id=3748, stack(0x000000001ae40000,0x000000001af40000)]
  0x00000000191cf800 JavaThread "Cache worker for file hash cache (C:\Users\Admin\.gradle\caches\5.1.1\fileHashes)" [_thread_blocked, id=10152, stack(0x000000001ad40000,0x000000001ae40000)]
  0x0000000018bce000 JavaThread "Daemon periodic checks" [_thread_blocked, id=4460, stack(0x000000001a340000,0x000000001a440000)]
  0x0000000018615800 JavaThread "Incoming local TCP Connector on port 61214" [_thread_in_native, id=2844, stack(0x0000000019e40000,0x0000000019f40000)]
  0x0000000017b14000 JavaThread "Service Thread" daemon [_thread_blocked, id=4744, stack(0x0000000017ef0000,0x0000000017ff0000)]
  0x00000000161b0800 JavaThread "C1 CompilerThread2" daemon [_thread_blocked, id=8220, stack(0x00000000179f0000,0x0000000017af0000)]
  0x00000000161ad800 JavaThread "C2 CompilerThread1" daemon [_thread_blocked, id=2172, stack(0x00000000178f0000,0x00000000179f0000)]
  0x00000000161a9800 JavaThread "C2 CompilerThread0" daemon [_thread_blocked, id=10112, stack(0x00000000177f0000,0x00000000178f0000)]
  0x00000000161a8000 JavaThread "Attach Listener" daemon [_thread_blocked, id=2884, stack(0x00000000176f0000,0x00000000177f0000)]
  0x00000000161b6000 JavaThread "Signal Dispatcher" daemon [_thread_blocked, id=6444, stack(0x00000000175f0000,0x00000000176f0000)]
  0x000000000283b800 JavaThread "Finalizer" daemon [_thread_blocked, id=1560, stack(0x0000000017400000,0x0000000017500000)]
  0x0000000002830800 JavaThread "Reference Handler" daemon [_thread_blocked, id=5652, stack(0x0000000017300000,0x0000000017400000)]
  0x000000000273d800 JavaThread "main" [_thread_blocked, id=5696, stack(0x00000000025e0000,0x00000000026e0000)]

Other Threads:
  0x0000000016177800 VMThread [stack: 0x0000000017200000,0x0000000017300000] [id=5772]
  0x0000000017b25800 WatcherThread [stack: 0x0000000017ff0000,0x00000000180f0000] [id=5360]

VM state:not at safepoint (normal execution)

VM Mutex/Monitor currently owned by a thread: None

Heap:
 PSYoungGen      total 151552K, used 33496K [0x00000000e0000000, 0x00000000eae00000, 0x0000000100000000)
  eden space 144384K, 18% used [0x00000000e0000000,0x00000000e1a220c0,0x00000000e8d00000)
  from space 7168K, 93% used [0x00000000e9400000,0x00000000e9a94030,0x00000000e9b00000)
  to   space 15360K, 0% used [0x00000000e9f00000,0x00000000e9f00000,0x00000000eae00000)
 ParOldGen       total 87552K, used 47707K [0x00000000a0000000, 0x00000000a5580000, 0x00000000e0000000)
  object space 87552K, 54% used [0x00000000a0000000,0x00000000a2e96fd8,0x00000000a5580000)
 Metaspace       used 76249K, capacity 81904K, committed 82200K, reserved 1120256K
  class space    used 9975K, capacity 10974K, committed 11048K, reserved 1048576K

Card table byte_map: [0x0000000011c00000,0x0000000011f10000] byte_map_base: 0x0000000011700000

Marking Bits: (ParMarkBitMap*) 0x0000000074eb5aa0
 Begin Bits: [0x0000000012510000, 0x0000000013d10000)
 End Bits:   [0x0000000013d10000, 0x0000000015510000)

Polling page: 0x0000000000e60000

CodeCache: size=245760Kb used=43432Kb max_used=43487Kb free=202327Kb
 bounds [0x0000000002840000, 0x0000000005310000, 0x0000000011840000]
 total_blobs=13859 nmethods=13044 adapters=727
 compilation: enabled

Compilation events (10 events):
Event: 4167.960 Thread 0x00000000161b0800 nmethod 16166 0x00000000052cf310 code [0x00000000052cf500, 0x00000000052cfdc8]
Event: 4168.046 Thread 0x00000000161a9800 nmethod 16162 0x00000000052f9450 code [0x00000000052f9780, 0x00000000052fcd68]
Event: 4168.115 Thread 0x00000000161ad800 16167       4       sun.nio.fs.WindowsPath::<init> (26 bytes)
Event: 4168.116 Thread 0x00000000161ad800 nmethod 16167 0x00000000032cb7d0 code [0x00000000032cb900, 0x00000000032cb998]
Event: 4168.172 Thread 0x00000000161b0800 16168       3       org.gradle.tooling.internal.adapter.ProtocolToModelAdapter$MethodInvocationCache$MethodInvocationKey::eq (16 bytes)
Event: 4168.173 Thread 0x00000000161b0800 nmethod 16168 0x0000000002aca990 code [0x0000000002acab20, 0x0000000002acaf88]
Event: 4168.175 Thread 0x00000000161b0800 16169       3       org.gradle.tooling.internal.adapter.ProtocolToModelAdapter$MethodInvocationCache$MethodInvocationKey::eq (47 bytes)
Event: 4168.175 Thread 0x00000000161b0800 nmethod 16169 0x00000000032ba350 code [0x00000000032ba500, 0x00000000032bab28]
Event: 4168.191 Thread 0x00000000161a9800 16170       4       com.google.common.collect.ImmutableList::iterator (5 bytes)
Event: 4168.193 Thread 0x00000000161a9800 nmethod 16170 0x00000000050c95d0 code [0x00000000050c9700, 0x00000000050c9778]

GC Heap History (10 events):
Event: 3122.681 GC heap before
{Heap before GC invocations=30 (full 3):
 PSYoungGen      total 184832K, used 184332K [0x00000000e0000000, 0x00000000ecf00000, 0x0000000100000000)
  eden space 173568K, 99% used [0x00000000e0000000,0x00000000ea977210,0x00000000ea980000)
  from space 11264K, 95% used [0x00000000ec400000,0x00000000ece8c070,0x00000000ecf00000)
  to   space 15872K, 0% used [0x00000000eb000000,0x00000000eb000000,0x00000000ebf80000)
 ParOldGen       total 87552K, used 41095K [0x00000000a0000000, 0x00000000a5580000, 0x00000000e0000000)
  object space 87552K, 46% used [0x00000000a0000000,0x00000000a2821db8,0x00000000a5580000)
 Metaspace       used 75556K, capacity 80742K, committed 81048K, reserved 1120256K
  class space    used 9894K, capacity 10825K, committed 10920K, reserved 1048576K
Event: 3122.802 GC heap after
Heap after GC invocations=30 (full 3):
 PSYoungGen      total 179712K, used 12614K [0x00000000e0000000, 0x00000000ec480000, 0x0000000100000000)
  eden space 166912K, 0% used [0x00000000e0000000,0x00000000e0000000,0x00000000ea300000)
  from space 12800K, 98% used [0x00000000eb000000,0x00000000ebc51800,0x00000000ebc80000)
  to   space 8192K, 0% used [0x00000000ebc80000,0x00000000ebc80000,0x00000000ec480000)
 ParOldGen       total 87552K, used 41103K [0x00000000a0000000, 0x00000000a5580000, 0x00000000e0000000)
  object space 87552K, 46% used [0x00000000a0000000,0x00000000a2823db8,0x00000000a5580000)
 Metaspace       used 75556K, capacity 80742K, committed 81048K, reserved 1120256K
  class space    used 9894K, capacity 10825K, committed 10920K, reserved 1048576K
}
Event: 3427.874 GC heap before
{Heap before GC invocations=31 (full 3):
 PSYoungGen      total 179712K, used 179526K [0x00000000e0000000, 0x00000000ec480000, 0x0000000100000000)
  eden space 166912K, 100% used [0x00000000e0000000,0x00000000ea300000,0x00000000ea300000)
  from space 12800K, 98% used [0x00000000eb000000,0x00000000ebc51800,0x00000000ebc80000)
  to   space 8192K, 0% used [0x00000000ebc80000,0x00000000ebc80000,0x00000000ec480000)
 ParOldGen       total 87552K, used 41103K [0x00000000a0000000, 0x00000000a5580000, 0x00000000e0000000)
  object space 87552K, 46% used [0x00000000a0000000,0x00000000a2823db8,0x00000000a5580000)
 Metaspace       used 76020K, capacity 81654K, committed 81944K, reserved 1120256K
  class space    used 9970K, capacity 10965K, committed 11048K, reserved 1048576K
Event: 3427.988 GC heap after
Heap after GC invocations=31 (full 3):
 PSYoungGen      total 168960K, used 8176K [0x00000000e0000000, 0x00000000ec480000, 0x0000000100000000)
  eden space 160768K, 0% used [0x00000000e0000000,0x00000000e0000000,0x00000000e9d00000)
  from space 8192K, 99% used [0x00000000ebc80000,0x00000000ec47c050,0x00000000ec480000)
  to   space 15872K, 0% used [0x00000000ea580000,0x00000000ea580000,0x00000000eb500000)
 ParOldGen       total 87552K, used 42343K [0x00000000a0000000, 0x00000000a5580000, 0x00000000e0000000)
  object space 87552K, 48% used [0x00000000a0000000,0x00000000a2959e98,0x00000000a5580000)
 Metaspace       used 76020K, capacity 81654K, committed 81944K, reserved 1120256K
  class space    used 9970K, capacity 10965K, committed 11048K, reserved 1048576K
}
Event: 3605.748 GC heap before
{Heap before GC invocations=32 (full 3):
 PSYoungGen      total 168960K, used 168944K [0x00000000e0000000, 0x00000000ec480000, 0x0000000100000000)
  eden space 160768K, 100% used [0x00000000e0000000,0x00000000e9d00000,0x00000000e9d00000)
  from space 8192K, 99% used [0x00000000ebc80000,0x00000000ec47c050,0x00000000ec480000)
  to   space 15872K, 0% used [0x00000000ea580000,0x00000000ea580000,0x00000000eb500000)
 ParOldGen       total 87552K, used 42343K [0x00000000a0000000, 0x00000000a5580000, 0x00000000e0000000)
  object space 87552K, 48% used [0x00000000a0000000,0x00000000a2959e98,0x00000000a5580000)
 Metaspace       used 76130K, capacity 81904K, committed 82200K, reserved 1120256K
  class space    used 9975K, capacity 10974K, committed 11048K, reserved 1048576K
Event: 3605.785 GC heap after
Heap after GC invocations=32 (full 3):
 PSYoungGen      total 160768K, used 5136K [0x00000000e0000000, 0x00000000ebd00000, 0x0000000100000000)
  eden space 155136K, 0% used [0x00000000e0000000,0x00000000e0000000,0x00000000e9780000)
  from space 5632K, 91% used [0x00000000ea580000,0x00000000eaa84030,0x00000000eab00000)
  to   space 15872K, 0% used [0x00000000ead80000,0x00000000ead80000,0x00000000ebd00000)
 ParOldGen       total 87552K, used 47691K [0x00000000a0000000, 0x00000000a5580000, 0x00000000e0000000)
  object space 87552K, 54% used [0x00000000a0000000,0x00000000a2e92fd8,0x00000000a5580000)
 Metaspace       used 76130K, capacity 81904K, committed 82200K, reserved 1120256K
  class space    used 9975K, capacity 10974K, committed 11048K, reserved 1048576K
}
Event: 4118.479 GC heap before
{Heap before GC invocations=33 (full 3):
 PSYoungGen      total 160768K, used 160272K [0x00000000e0000000, 0x00000000ebd00000, 0x0000000100000000)
  eden space 155136K, 100% used [0x00000000e0000000,0x00000000e9780000,0x00000000e9780000)
  from space 5632K, 91% used [0x00000000ea580000,0x00000000eaa84030,0x00000000eab00000)
  to   space 15872K, 0% used [0x00000000ead80000,0x00000000ead80000,0x00000000ebd00000)
 ParOldGen       total 87552K, used 47691K [0x00000000a0000000, 0x00000000a5580000, 0x00000000e0000000)
  object space 87552K, 54% used [0x00000000a0000000,0x00000000a2e92fd8,0x00000000a5580000)
 Metaspace       used 76208K, capacity 81904K, committed 82200K, reserved 1120256K
  class space    used 9975K, capacity 10974K, committed 11048K, reserved 1048576K
Event: 4118.538 GC heap after
Heap after GC invocations=33 (full 3):
 PSYoungGen      total 155136K, used 5472K [0x00000000e0000000, 0x00000000eb300000, 0x0000000100000000)
  eden space 149504K, 0% used [0x00000000e0000000,0x00000000e0000000,0x00000000e9200000)
  from space 5632K, 97% used [0x00000000ead80000,0x00000000eb2d8020,0x00000000eb300000)
  to   space 15872K, 0% used [0x00000000e9400000,0x00000000e9400000,0x00000000ea380000)
 ParOldGen       total 87552K, used 47699K [0x00000000a0000000, 0x00000000a5580000, 0x00000000e0000000)
  object space 87552K, 54% used [0x00000000a0000000,0x00000000a2e94fd8,0x00000000a5580000)
 Metaspace       used 76208K, capacity 81904K, committed 82200K, reserved 1120256K
  class space    used 9975K, capacity 10974K, committed 11048K, reserved 1048576K
}
Event: 4166.475 GC heap before
{Heap before GC invocations=34 (full 3):
 PSYoungGen      total 155136K, used 154976K [0x00000000e0000000, 0x00000000eb300000, 0x0000000100000000)
  eden space 149504K, 100% used [0x00000000e0000000,0x00000000e9200000,0x00000000e9200000)
  from space 5632K, 97% used [0x00000000ead80000,0x00000000eb2d8020,0x00000000eb300000)
  to   space 15872K, 0% used [0x00000000e9400000,0x00000000e9400000,0x00000000ea380000)
 ParOldGen       total 87552K, used 47699K [0x00000000a0000000, 0x00000000a5580000, 0x00000000e0000000)
  object space 87552K, 54% used [0x00000000a0000000,0x00000000a2e94fd8,0x00000000a5580000)
 Metaspace       used 76243K, capacity 81904K, committed 82200K, reserved 1120256K
  class space    used 9975K, capacity 10974K, committed 11048K, reserved 1048576K
Event: 4166.498 GC heap after
Heap after GC invocations=34 (full 3):
 PSYoungGen      total 151552K, used 6736K [0x00000000e0000000, 0x00000000eae00000, 0x0000000100000000)
  eden space 144384K, 0% used [0x00000000e0000000,0x00000000e0000000,0x00000000e8d00000)
  from space 7168K, 93% used [0x00000000e9400000,0x00000000e9a94030,0x00000000e9b00000)
  to   space 15360K, 0% used [0x00000000e9f00000,0x00000000e9f00000,0x00000000eae00000)
 ParOldGen       total 87552K, used 47707K [0x00000000a0000000, 0x00000000a5580000, 0x00000000e0000000)
  object space 87552K, 54% used [0x00000000a0000000,0x00000000a2e96fd8,0x00000000a5580000)
 Metaspace       used 76243K, capacity 81904K, committed 82200K, reserved 1120256K
  class space    used 9975K, capacity 10974K, committed 11048K, reserved 1048576K
}

Deoptimization events (10 events):
Event: 2674.218 Thread 0x000000001e275800 Uncommon trap: reason=array_check action=maybe_recompile pc=0x0000000003b81d1c method=com.google.common.collect.RegularImmutableMap.fromEntryArray(I[Ljava/util/Map$Entry;)Lcom/google/common/collect/ImmutableMap; @ 157
Event: 2838.409 Thread 0x000000001e26b000 Uncommon trap: reason=array_check action=maybe_recompile pc=0x0000000003b81d1c method=com.google.common.collect.RegularImmutableMap.fromEntryArray(I[Ljava/util/Map$Entry;)Lcom/google/common/collect/ImmutableMap; @ 157
Event: 2838.411 Thread 0x000000001e26b000 Uncommon trap: reason=array_check action=maybe_recompile pc=0x0000000003b81d1c method=com.google.common.collect.RegularImmutableMap.fromEntryArray(I[Ljava/util/Map$Entry;)Lcom/google/common/collect/ImmutableMap; @ 157
Event: 2838.490 Thread 0x000000001e26b000 Uncommon trap: reason=null_check action=make_not_entrant pc=0x0000000003db8418 method=com.google.gson.internal.Excluder.isAnonymousOrLocal(Ljava/lang/Class;)Z @ 3
Event: 3427.152 Thread 0x000000001d17d000 Uncommon trap: reason=class_check action=maybe_recompile pc=0x0000000003f37c5c method=java.lang.reflect.Array.newInstance(Ljava/lang/Class;I)Ljava/lang/Object; @ 2
Event: 3604.511 Thread 0x0000000019251000 Uncommon trap: reason=class_check action=maybe_recompile pc=0x0000000003f37c5c method=java.lang.reflect.Array.newInstance(Ljava/lang/Class;I)Ljava/lang/Object; @ 2
Event: 3605.846 Thread 0x000000001e26d000 Uncommon trap: reason=unstable_if action=reinterpret pc=0x000000000505e708 method=com.google.common.collect.MapMakerInternalMap$WeakKeyDummyValueEntry$Helper.copy(Lcom/google/common/collect/MapMakerInternalMap$WeakKeyDummyValueSegment;Lcom/google/common/c
Event: 3605.877 Thread 0x000000001e27a000 Uncommon trap: reason=null_check action=make_not_entrant pc=0x00000000051ac118 method=org.gradle.api.internal.tasks.properties.bean.AbstractNestedRuntimeBeanNode$DefaultPropertyValue.maybeFinalizeValue()V @ 9
Event: 3650.436 Thread 0x000000001e26d000 Uncommon trap: reason=unstable_if action=reinterpret pc=0x00000000045c4d1c method=com.google.common.collect.Interners$InternerImpl.intern(Ljava/lang/Object;)Ljava/lang/Object; @ 42
Event: 4111.121 Thread 0x000000001d184800 Uncommon trap: reason=class_check action=maybe_recompile pc=0x0000000003f37c5c method=java.lang.reflect.Array.newInstance(Ljava/lang/Class;I)Ljava/lang/Object; @ 2

Classes redefined (0 events):
No events

Internal exceptions (10 events):
Event: 4160.392 Thread 0x000000001d181000 Exception <a 'sun/nio/fs/WindowsException'> (0x00000000e3e28a70) thrown at [D:\src\AOSP-openjdk-cygwin\jdk8u\hotspot\src\share\vm\prims\jni.cpp, line 709]
Event: 4160.393 Thread 0x000000001d181000 Exception <a 'sun/nio/fs/WindowsException'> (0x00000000e3e296a0) thrown at [D:\src\AOSP-openjdk-cygwin\jdk8u\hotspot\src\share\vm\prims\jni.cpp, line 709]
Event: 4160.396 Thread 0x000000001d181000 Exception <a 'sun/nio/fs/WindowsException'> (0x00000000e3e2ca80) thrown at [D:\src\AOSP-openjdk-cygwin\jdk8u\hotspot\src\share\vm\prims\jni.cpp, line 709]
Event: 4160.396 Thread 0x000000001d181000 Exception <a 'sun/nio/fs/WindowsException'> (0x00000000e3e2d5f8) thrown at [D:\src\AOSP-openjdk-cygwin\jdk8u\hotspot\src\share\vm\prims\jni.cpp, line 709]
Event: 4160.396 Thread 0x000000001d181000 Exception <a 'sun/nio/fs/WindowsException'> (0x00000000e3e2f610) thrown at [D:\src\AOSP-openjdk-cygwin\jdk8u\hotspot\src\share\vm\prims\jni.cpp, line 709]
Event: 4160.404 Thread 0x000000001d181000 Exception <a 'sun/nio/fs/WindowsException'> (0x00000000e3e30250) thrown at [D:\src\AOSP-openjdk-cygwin\jdk8u\hotspot\src\share\vm\prims\jni.cpp, line 709]
Event: 4160.424 Thread 0x000000001d181000 Exception <a 'sun/nio/fs/WindowsException'> (0x00000000e3e35000) thrown at [D:\src\AOSP-openjdk-cygwin\jdk8u\hotspot\src\share\vm\prims\jni.cpp, line 709]
Event: 4160.424 Thread 0x000000001d181000 Exception <a 'sun/nio/fs/WindowsException'> (0x00000000e3e35b68) thrown at [D:\src\AOSP-openjdk-cygwin\jdk8u\hotspot\src\share\vm\prims\jni.cpp, line 709]
Event: 4160.424 Thread 0x000000001d181000 Exception <a 'sun/nio/fs/WindowsException'> (0x00000000e3e37b58) thrown at [D:\src\AOSP-openjdk-cygwin\jdk8u\hotspot\src\share\vm\prims\jni.cpp, line 709]
Event: 4160.425 Thread 0x000000001d181000 Exception <a 'sun/nio/fs/WindowsException'> (0x00000000e3e38788) thrown at [D:\src\AOSP-openjdk-cygwin\jdk8u\hotspot\src\share\vm\prims\jni.cpp, line 709]

Events (10 events):
Event: 4168.171 Thread 0x000000001e277000 Thread exited: 0x000000001e277000
Event: 4168.171 Executing VM operation: RevokeBias
Event: 4168.171 Executing VM operation: RevokeBias done
Event: 4168.171 Thread 0x000000001e275800 Thread exited: 0x000000001e275800
Event: 4168.174 Thread 0x00000000161b0800 flushing nmethod 0x0000000003277150
Event: 4168.174 Thread 0x00000000161b0800 flushing nmethod 0x00000000032aadd0
Event: 4168.174 Thread 0x00000000161b0800 flushing nmethod 0x00000000032b96d0
Event: 4168.194 Thread 0x00000000161a9800 flushing nmethod 0x000000000376d990
Event: 4168.194 Thread 0x00000000161a9800 flushing nmethod 0x0000000003777f10
Event: 4168.194 Thread 0x00000000161a9800 flushing nmethod 0x000000000377d110


Dynamic libraries:
0x00007ff740ea0000 - 0x00007ff740ed1000 	C:\Program Files\Android\Android Studio\jre\bin\java.exe
0x00007ffb33490000 - 0x00007ffb33660000 	C:\Windows\SYSTEM32\ntdll.dll
0x00007ffb327a0000 - 0x00007ffb3284c000 	C:\Windows\System32\KERNEL32.DLL
0x00007ffb30460000 - 0x00007ffb3067d000 	C:\Windows\System32\KERNELBASE.dll
0x00007ffb32ed0000 - 0x00007ffb32f72000 	C:\Windows\System32\ADVAPI32.dll
0x00007ffb33120000 - 0x00007ffb331be000 	C:\Windows\System32\msvcrt.dll
0x00007ffb30b90000 - 0x00007ffb30be9000 	C:\Windows\System32\sechost.dll
0x00007ffb30bf0000 - 0x00007ffb30d11000 	C:\Windows\System32\RPCRT4.dll
0x00007ffb30a20000 - 0x00007ffb30b85000 	C:\Windows\System32\USER32.dll
0x00007ffb30a00000 - 0x00007ffb30a1e000 	C:\Windows\System32\win32u.dll
0x00007ffb331c0000 - 0x00007ffb331f4000 	C:\Windows\System32\GDI32.dll
0x00007ffb2fba0000 - 0x00007ffb2fd21000 	C:\Windows\System32\gdi32full.dll
0x00007ffb25c30000 - 0x00007ffb25eaa000 	C:\Windows\WinSxS\amd64_microsoft.windows.common-controls_6595b64144ccf1df_6.0.14393.2608_none_7ddacc7e8347078e\COMCTL32.dll
0x00007ffb32470000 - 0x00007ffb32735000 	C:\Windows\System32\combase.dll
0x00007ffb30680000 - 0x00007ffb30774000 	C:\Windows\System32\ucrtbase.dll
0x00007ffb2fb30000 - 0x00007ffb2fb9a000 	C:\Windows\System32\bcryptPrimitives.dll
0x00007ffb323a0000 - 0x00007ffb323ce000 	C:\Windows\System32\IMM32.DLL
0x00007ffb2e900000 - 0x00007ffb2e930000 	C:\Windows\system32\DriverStore\FileRepository\nvacwu.inf_amd64_bdd6ea477d4e2fba\nvinitx.dll
0x00007ffb2e8f0000 - 0x00007ffb2e8fa000 	C:\Windows\SYSTEM32\VERSION.dll
0x0000000075a30000 - 0x0000000075b02000 	C:\Program Files\Android\Android Studio\jre\jre\bin\msvcr100.dll
0x00000000746f0000 - 0x0000000074f31000 	C:\Program Files\Android\Android Studio\jre\jre\bin\server\jvm.dll
0x00007ffb33360000 - 0x00007ffb33368000 	C:\Windows\System32\PSAPI.DLL
0x00007ffb2a410000 - 0x00007ffb2a419000 	C:\Windows\SYSTEM32\WSOCK32.dll
0x00007ffb2d990000 - 0x00007ffb2d9b3000 	C:\Windows\SYSTEM32\WINMM.dll
0x00007ffb30d20000 - 0x00007ffb30d8a000 	C:\Windows\System32\WS2_32.dll
0x00000000025b0000 - 0x00000000025db000 	C:\Windows\SYSTEM32\WINMMBASE.dll
0x00007ffb2fd30000 - 0x00007ffb2fd72000 	C:\Windows\System32\cfgmgr32.dll
0x00007ffb2a400000 - 0x00007ffb2a40f000 	C:\Program Files\Android\Android Studio\jre\jre\bin\verify.dll
0x00007ffb286d0000 - 0x00007ffb286f9000 	C:\Program Files\Android\Android Studio\jre\jre\bin\java.dll
0x00007ffb29fb0000 - 0x00007ffb29fc6000 	C:\Program Files\Android\Android Studio\jre\jre\bin\zip.dll
0x00007ffb30e90000 - 0x00007ffb32395000 	C:\Windows\System32\SHELL32.dll
0x00007ffb2fd80000 - 0x00007ffb30459000 	C:\Windows\System32\windows.storage.dll
0x00007ffb2f8f0000 - 0x00007ffb2f93c000 	C:\Windows\System32\powrprof.dll
0x00007ffb33430000 - 0x00007ffb33482000 	C:\Windows\System32\shlwapi.dll
0x00007ffb2f940000 - 0x00007ffb2f94f000 	C:\Windows\System32\kernel.appcore.dll
0x00007ffb30950000 - 0x00007ffb309f9000 	C:\Windows\System32\shcore.dll
0x00007ffb2f960000 - 0x00007ffb2f974000 	C:\Windows\System32\profapi.dll
0x00007ffb29cd0000 - 0x00007ffb29cea000 	C:\Program Files\Android\Android Studio\jre\jre\bin\net.dll
0x00007ffb2f220000 - 0x00007ffb2f27c000 	C:\Windows\system32\mswsock.dll
0x00007ffb24a20000 - 0x00007ffb24a31000 	C:\Program Files\Android\Android Studio\jre\jre\bin\nio.dll
0x00007ffb23af0000 - 0x00007ffb23b0e000 	C:\Users\Admin\.gradle\native\25\windows-amd64\native-platform.dll
0x00007ffb2a070000 - 0x00007ffb2a07d000 	C:\Program Files\Android\Android Studio\jre\jre\bin\management.dll
0x00007ffb2f3c0000 - 0x00007ffb2f3d7000 	C:\Windows\SYSTEM32\CRYPTSP.dll
0x00007ffb2ee20000 - 0x00007ffb2ee53000 	C:\Windows\system32\rsaenh.dll
0x00007ffb2f4d0000 - 0x00007ffb2f4fb000 	C:\Windows\SYSTEM32\bcrypt.dll
0x00007ffb2f0a0000 - 0x00007ffb2f0bf000 	C:\Windows\SYSTEM32\USERENV.dll
0x00007ffb2f3e0000 - 0x00007ffb2f3eb000 	C:\Windows\SYSTEM32\CRYPTBASE.dll
0x00007ffb2efa0000 - 0x00007ffb2efd8000 	C:\Windows\SYSTEM32\IPHLPAPI.DLL
0x00007ffb30e80000 - 0x00007ffb30e88000 	C:\Windows\System32\NSI.dll
0x00007ffb296f0000 - 0x00007ffb29706000 	C:\Windows\SYSTEM32\dhcpcsvc6.DLL
0x00007ffb297a0000 - 0x00007ffb297ba000 	C:\Windows\SYSTEM32\dhcpcsvc.DLL
0x00007ffb2d200000 - 0x00007ffb2d392000 	C:\Windows\SYSTEM32\dbghelp.dll

VM Arguments:
jvm_args: -Xmx1536m -Dfile.encoding=windows-1251 -Duser.country=RU -Duser.language=ru -Duser.variant 
java_command: org.gradle.launcher.daemon.bootstrap.GradleDaemon 5.1.1
java_class_path (initial): C:\Users\Admin\.gradle\wrapper\dists\gradle-5.1.1-all\97z1ksx6lirer3kbvdnh7jtjg\gradle-5.1.1\lib\gradle-launcher-5.1.1.jar
Launcher Type: SUN_STANDARD

Environment Variables:
PATH=C:\Program Files (x86)\NVIDIA Corporation\PhysX\Common;C:\Windows\system32;C:\Windows;C:\Windows\System32\Wbem;C:\Windows\System32\WindowsPowerShell\v1.0\;D:\Git\cmd;C:\Users\Admin\AppData\Local\Programs\Python\Python36\Scripts\;C:\Users\Admin\AppData\Local\Programs\Python\Python36\;C:\Users\Admin\AppData\Local\Microsoft\WindowsApps;C:\Users\Admin\AppData\Local\GitHubDesktop\bin;C:\Program Files\JetBrains\PyCharm 2018.3.3\bin;
USERNAME=Admin
OS=Windows_NT
PROCESSOR_IDENTIFIER=Intel64 Family 6 Model 42 Stepping 7, GenuineIntel



---------------  S Y S T E M  ---------------

OS: Windows 10.0 , 64 bit Build 14393 (10.0.14393.2608)

CPU:total 4 (initial active 4) (2 cores per cpu, 2 threads per core) family 6 model 42 stepping 7, cmov, cx8, fxsr, mmx, sse, sse2, sse3, ssse3, sse4.1, sse4.2, popcnt, avx, aes, clmul, ht, tsc, tscinvbit

Memory: 4k page, physical 6139756k(1625592k free), swap 11614520k(982832k free)

vm_info: OpenJDK 64-Bit Server VM (25.152-b01) for windows-amd64 JRE (1.8.0_152-release-1343-b01), built by "builder" with MS VC++ 10.0 (VS2010)

time: Fri Sep 13 21:04:05 2019
elapsed time: 4168 seconds (0d 1h 9m 28s)

